16.3.2023, 19:06:42 - INFO - Hi | 90 | Bobo 
16.3.2023, 19:08:26 - DEBUG - Getting Toys | {"txt":""} 
16.3.2023, 19:08:26 - INFO - Req was made 
16.3.2023, 19:08:26 - ERROR - cannot find toys | MongoServerError: $regex has to be a string 
16.3.2023, 19:08:26 - ERROR - Failed to get toys | MongoServerError: $regex has to be a string 
16.3.2023, 19:09:22 - INFO - Hi | 90 | Bobo 
16.3.2023, 19:09:24 - INFO - Req was made 
16.3.2023, 19:09:24 - DEBUG - Getting Toys | {"txt":""} 
16.3.2023, 19:09:24 - ERROR - Failed to get toys | MongoServerError: $regex has to be a string 
16.3.2023, 19:09:24 - ERROR - cannot find toys | MongoServerError: $regex has to be a string 
16.3.2023, 19:11:11 - INFO - Hi | 90 | Bobo 
16.3.2023, 19:11:13 - INFO - Req was made 
16.3.2023, 19:11:13 - DEBUG - Getting Toys | {"txt":""} 
16.3.2023, 19:11:13 - ERROR - Failed to get toys | TypeError: logger is not a function 
16.3.2023, 19:11:13 - ERROR - cannot find toys | TypeError: logger is not a function 
16.3.2023, 19:12:21 - INFO - Hi | 90 | Bobo 
16.3.2023, 19:12:22 - INFO - Req was made 
16.3.2023, 19:12:22 - DEBUG - Getting Toys | {"txt":""} 
16.3.2023, 19:12:22 - DEBUG - filterBy | {"txt":""} 
16.3.2023, 19:12:23 - ERROR - cannot find toys | MongoServerError: $regex has to be a string 
16.3.2023, 19:12:23 - ERROR - Failed to get toys | MongoServerError: $regex has to be a string 
16.3.2023, 19:13:35 - INFO - Hi | 90 | Bobo 
16.3.2023, 19:13:36 - DEBUG - Getting Toys | {"txt":""} 
16.3.2023, 19:13:36 - INFO - Req was made 
16.3.2023, 19:13:36 - DEBUG - filterBy | {"txt":""} 
16.3.2023, 19:13:52 - INFO - Hi | 90 | Bobo 
16.3.2023, 19:15:51 - INFO - Hi | 90 | Bobo 
16.3.2023, 19:15:53 - INFO - Req was made 
16.3.2023, 19:15:53 - DEBUG - Getting Toys | {"txt":""} 
16.3.2023, 19:15:53 - DEBUG - filterBy | {"txt":""} 
16.3.2023, 19:15:53 - ERROR - cannot find toys | MongoServerError: $regex has to be a string 
16.3.2023, 19:15:53 - ERROR - Failed to get toys | MongoServerError: $regex has to be a string 
16.3.2023, 19:16:03 - INFO - Hi | 90 | Bobo 
16.3.2023, 19:16:05 - INFO - Req was made 
16.3.2023, 19:16:05 - DEBUG - Getting Toys | {"txt":""} 
16.3.2023, 19:16:05 - DEBUG - filterBy | {"txt":""} 
16.3.2023, 19:16:46 - INFO - Hi | 90 | Bobo 
16.3.2023, 19:16:48 - INFO - Req was made 
16.3.2023, 19:16:48 - DEBUG - Getting Toys | {"txt":""} 
16.3.2023, 19:16:48 - DEBUG - filterBy | {"txt":""} 
16.3.2023, 19:16:48 - ERROR - cannot find toys | TypeError: collection.find is not a constructor 
16.3.2023, 19:16:48 - ERROR - Failed to get toys | TypeError: collection.find is not a constructor 
16.3.2023, 19:16:53 - INFO - Hi | 90 | Bobo 
16.3.2023, 19:16:55 - INFO - Req was made 
16.3.2023, 19:16:55 - DEBUG - Getting Toys | {"txt":""} 
16.3.2023, 19:16:55 - DEBUG - filterBy | {"txt":""} 
16.3.2023, 19:17:11 - INFO - Hi | 90 | Bobo 
16.3.2023, 19:17:12 - INFO - Req was made 
16.3.2023, 19:17:12 - DEBUG - Getting Toys | {"txt":""} 
16.3.2023, 19:17:12 - DEBUG - filterBy | {"txt":""} 
16.3.2023, 19:17:12 - DEBUG - toys | [] 
16.3.2023, 19:17:52 - INFO - Hi | 90 | Bobo 
16.3.2023, 19:17:54 - INFO - Req was made 
16.3.2023, 19:17:54 - DEBUG - Getting Toys | {"txt":""} 
16.3.2023, 19:17:54 - DEBUG - filterBy | {"txt":""} 
16.3.2023, 19:17:54 - DEBUG - toys | [{"_id":"641340d87425230f41fb3b40","name":"Toy 1","price":26,"labels":["Puzzle","Box game"],"createdAt":"3/14/2023, 4:00:57 PM","inStock":true},{"_id":"641340d87425230f41fb3b41","name":"Toy 2","price":"35","labels":["Doll","Art"],"inStock":false,"createdAt":"3/14/2023, 4:00:57 PM"},{"_id":"641340d87425230f41fb3b42","name":"Toy  3","price":"50","labels":["Baby","Doll"],"inStock":true,"createdAt":"3/14/2023, 4:00:57 PM"},{"_id":"641340d87425230f41fb3b43","name":"Toy 4","price":53,"labels":["Box game","Doll"],"createdAt":"3/14/2023, 4:00:57 PM","inStock":true},{"_id":"641340d87425230f41fb3b44","name":"Toy 5","price":59,"labels":["On wheels","Outdoor"],"createdAt":"3/14/2023, 4:00:57 PM","inStock":true},{"_id":"641340d87425230f41fb3b45","name":"Toy 6","price":21,"labels":["Baby","Doll"],"createdAt":"3/14/2023, 4:00:57 PM","inStock":true},{"_id":"641340d87425230f41fb3b46","name":"Toy 7","price":42,"labels":["Doll","Puzzle"],"inStock":false,"createdAt":"3/14/2023, 4:00:57 PM"},{"_id":"641340d87425230f41fb3b47","name":"Toy 8","price":11,"labels":["Puzzle","Art"],"createdAt":"3/14/2023, 4:00:57 PM","inStock":true},{"_id":"641340d87425230f41fb3b48","name":"Toy 9","price":98,"labels":["Outdoor","Art"],"createdAt":"3/14/2023, 4:00:57 PM","inStock":true},{"_id":"641340d87425230f41fb3b49","name":"Toy 10","price":82,"labels":["Puzzle","On wheels"],"inStock":false,"createdAt":"3/14/2023, 4:00:57 PM"}] 
16.3.2023, 19:18:07 - INFO - Hi | 90 | Bobo 
16.3.2023, 19:18:08 - INFO - Req was made 
16.3.2023, 19:18:08 - DEBUG - Getting Toys | {"txt":""} 
16.3.2023, 19:18:08 - DEBUG - filterBy | {"txt":""} 
16.3.2023, 19:18:18 - INFO - Hi | 90 | Bobo 
16.3.2023, 19:18:19 - INFO - Req was made 
16.3.2023, 19:18:19 - DEBUG - filterBy | {"txt":""} 
16.3.2023, 19:18:19 - DEBUG - Getting Toys | {"txt":""} 
16.3.2023, 19:18:26 - INFO - Hi | 90 | Bobo 
16.3.2023, 19:18:45 - INFO - Hi | 90 | Bobo 
16.3.2023, 19:18:46 - INFO - Req was made 
16.3.2023, 19:18:46 - DEBUG - Getting Toys | {"txt":""} 
16.3.2023, 19:18:46 - DEBUG - filterBy | {"txt":""} 
16.3.2023, 19:18:49 - INFO - Hi | 90 | Bobo 
16.3.2023, 19:18:53 - INFO - Req was made 
16.3.2023, 19:18:53 - DEBUG - Getting Toys | {"txt":""} 
16.3.2023, 19:18:53 - DEBUG - filterBy | {"txt":""} 
16.3.2023, 19:19:05 - INFO - Hi | 90 | Bobo 
16.3.2023, 19:19:06 - DEBUG - filterBy | {"txt":""} 
16.3.2023, 19:19:06 - DEBUG - Getting Toys | {"txt":""} 
16.3.2023, 19:19:06 - INFO - Req was made 
16.3.2023, 19:19:06 - ERROR - cannot find toys | MongoServerError: $regex has to be a string 
16.3.2023, 19:19:06 - ERROR - Failed to get toys | MongoServerError: $regex has to be a string 
16.3.2023, 19:19:15 - INFO - Hi | 90 | Bobo 
16.3.2023, 19:19:17 - INFO - Req was made 
16.3.2023, 19:19:17 - DEBUG - Getting Toys | {"txt":""} 
16.3.2023, 19:19:17 - DEBUG - filterBy | {"txt":""} 
16.3.2023, 19:19:17 - ERROR - cannot find toys | MongoServerError: $regex has to be a string 
16.3.2023, 19:19:17 - ERROR - Failed to get toys | MongoServerError: $regex has to be a string 
16.3.2023, 19:20:45 - INFO - Hi | 90 | Bobo 
16.3.2023, 19:20:48 - INFO - Req was made 
16.3.2023, 19:20:48 - DEBUG - Getting Toys | {"name":""} 
16.3.2023, 19:20:48 - DEBUG - filterBy | {"name":""} 
16.3.2023, 19:21:26 - INFO - Hi | 90 | Bobo 
16.3.2023, 19:21:29 - INFO - Hi | 90 | Bobo 
16.3.2023, 19:21:31 - INFO - Req was made 
16.3.2023, 19:21:31 - DEBUG - Getting Toys | {"name":"","inStock":"","labels":""} 
16.3.2023, 19:21:31 - DEBUG - filterBy | {"name":"","inStock":"","labels":""} 
16.3.2023, 19:21:40 - INFO - Hi | 90 | Bobo 
16.3.2023, 19:21:40 - INFO - Req was made 
16.3.2023, 19:21:40 - DEBUG - Getting Toys | {"name":"","inStock":true,"labels":""} 
16.3.2023, 19:21:40 - DEBUG - filterBy | {"name":"","inStock":true,"labels":""} 
16.3.2023, 19:21:50 - INFO - Hi | 90 | Bobo 
16.3.2023, 19:21:51 - INFO - Req was made 
16.3.2023, 19:21:51 - DEBUG - Getting Toys | {"name":"","inStock":true,"labels":""} 
16.3.2023, 19:21:51 - DEBUG - filterBy | {"name":"","inStock":true,"labels":""} 
16.3.2023, 19:22:02 - INFO - Hi | 90 | Bobo 
16.3.2023, 19:22:03 - INFO - Req was made 
16.3.2023, 19:22:03 - DEBUG - Getting Toys | {"name":"","inStock":"","labels":""} 
16.3.2023, 19:22:03 - DEBUG - filterBy | {"name":"","inStock":"","labels":""} 
16.3.2023, 19:22:09 - INFO - Hi | 90 | Bobo 
16.3.2023, 19:22:10 - INFO - Req was made 
16.3.2023, 19:22:10 - DEBUG - Getting Toys | {"name":"","inStock":null,"labels":""} 
16.3.2023, 19:22:10 - DEBUG - filterBy | {"name":"","inStock":null,"labels":""} 
16.3.2023, 19:22:14 - INFO - Hi | 90 | Bobo 
16.3.2023, 19:22:15 - DEBUG - Getting Toys | {"name":"","inStock":false,"labels":""} 
16.3.2023, 19:22:15 - INFO - Req was made 
16.3.2023, 19:22:15 - DEBUG - filterBy | {"name":"","inStock":false,"labels":""} 
16.3.2023, 19:22:27 - INFO - Hi | 90 | Bobo 
16.3.2023, 19:22:28 - INFO - Req was made 
16.3.2023, 19:22:28 - DEBUG - Getting Toys | {"name":"","labels":""} 
16.3.2023, 19:22:28 - DEBUG - filterBy | {"name":"","labels":""} 
16.3.2023, 19:23:33 - INFO - Hi | 90 | Bobo 
16.3.2023, 19:23:34 - INFO - Req was made 
16.3.2023, 19:23:34 - DEBUG - Getting Toys | {"name":"","labels":""} 
16.3.2023, 19:23:34 - DEBUG - filterBy | {"name":"","labels":""} 
16.3.2023, 19:23:39 - INFO - Hi | 90 | Bobo 
16.3.2023, 19:23:40 - INFO - Req was made 
16.3.2023, 19:23:40 - DEBUG - Getting Toys | {"name":"","labels":"doll"} 
16.3.2023, 19:23:40 - DEBUG - filterBy | {"name":"","labels":"doll"} 
16.3.2023, 19:23:56 - INFO - Hi | 90 | Bobo 
16.3.2023, 19:23:57 - INFO - Req was made 
16.3.2023, 19:23:57 - DEBUG - Getting Toys | {"name":"","labels":"puzzle"} 
16.3.2023, 19:23:57 - DEBUG - filterBy | {"name":"","labels":"puzzle"} 
16.3.2023, 19:24:03 - INFO - Hi | 90 | Bobo 
16.3.2023, 19:24:03 - INFO - Req was made 
16.3.2023, 19:24:03 - DEBUG - Getting Toys | {"name":"","labels":"puzzle"} 
16.3.2023, 19:24:03 - DEBUG - filterBy | {"name":"","labels":"puzzle"} 
16.3.2023, 19:24:22 - INFO - Hi | 90 | Bobo 
16.3.2023, 19:24:24 - INFO - Hi | 90 | Bobo 
16.3.2023, 19:24:25 - INFO - Req was made 
16.3.2023, 19:24:25 - DEBUG - Getting Toys | {"name":"","labels":"Puzzle"} 
16.3.2023, 19:24:25 - DEBUG - filterBy | {"name":"","labels":"Puzzle"} 
16.3.2023, 19:24:57 - INFO - Hi | 90 | Bobo 
16.3.2023, 19:24:57 - INFO - Hi | 90 | Bobo 
16.3.2023, 19:24:58 - INFO - Req was made 
16.3.2023, 19:24:58 - DEBUG - Getting Toys | {"name":""} 
16.3.2023, 19:24:58 - DEBUG - filterBy | {"name":""} 
16.3.2023, 19:56:33 - INFO - Hi | 90 | Bobo 
16.3.2023, 19:56:35 - INFO - Req was made 
16.3.2023, 19:56:35 - DEBUG - Getting Toys | {"name":""} 
16.3.2023, 19:56:35 - DEBUG - filterBy | {"name":""} 
16.3.2023, 19:56:40 - INFO - Hi | 90 | Bobo 
16.3.2023, 19:56:41 - INFO - Req was made 
16.3.2023, 19:56:41 - DEBUG - Getting Toys | {"name":""} 
16.3.2023, 19:56:41 - DEBUG - filterBy | {"name":""} 
16.3.2023, 19:56:53 - INFO - Hi | 90 | Bobo 
16.3.2023, 19:56:53 - INFO - Hi | 90 | Bobo 
16.3.2023, 19:56:55 - INFO - Req was made 
16.3.2023, 19:56:55 - DEBUG - Getting Toys | {"name":""} 
16.3.2023, 19:56:55 - DEBUG - filterBy | {"name":""} 
16.3.2023, 19:57:02 - INFO - Hi | 90 | Bobo 
16.3.2023, 19:57:03 - INFO - Req was made 
16.3.2023, 19:57:03 - DEBUG - Getting Toys | {"name":"","labels":"*"} 
16.3.2023, 19:57:03 - DEBUG - filterBy | {"name":"","labels":"*"} 
16.3.2023, 20:09:51 - INFO - Hi | 90 | Bobo 
16.3.2023, 20:09:56 - INFO - Req was made 
16.3.2023, 20:09:56 - DEBUG - Getting Toys | {"name":"","labels":"*"} 
16.3.2023, 20:09:56 - DEBUG - filterBy | {"name":"","labels":"*"} 
16.3.2023, 20:10:26 - INFO - Hi | 90 | Bobo 
16.3.2023, 20:10:27 - INFO - Req was made 
16.3.2023, 20:10:27 - DEBUG - Getting Toys | {"name":"","inStock":true,"labels":"Puzzle"} 
16.3.2023, 20:10:27 - DEBUG - filterBy | {"name":"","inStock":true,"labels":"Puzzle"} 
16.3.2023, 20:12:44 - INFO - Hi | 90 | Bobo 
16.3.2023, 20:12:45 - INFO - Req was made 
16.3.2023, 20:12:45 - ERROR - Failed to get toys | TypeError: Cannot read properties of undefined (reading 'length') 
16.3.2023, 20:13:01 - INFO - Hi | 90 | Bobo 
16.3.2023, 20:13:02 - INFO - Req was made 
16.3.2023, 20:13:02 - ERROR - Failed to get toys | TypeError: Cannot read properties of undefined (reading 'length') 
16.3.2023, 20:20:22 - INFO - Hi | 90 | Bobo 
16.3.2023, 20:20:24 - INFO - Req was made 
16.3.2023, 20:20:24 - ERROR - Failed to get toys | TypeError: Cannot read properties of undefined (reading 'length') 
16.3.2023, 20:20:29 - INFO - Hi | 90 | Bobo 
16.3.2023, 20:20:30 - INFO - Hi | 90 | Bobo 
16.3.2023, 20:20:31 - INFO - Req was made 
16.3.2023, 20:20:31 - DEBUG - Getting Toys | {"name":"","inStock":"all"} 
16.3.2023, 20:20:31 - DEBUG - filterBy | {"name":"","inStock":"all"} 
16.3.2023, 20:20:31 - ERROR - cannot find toys | ReferenceError: criteria is not defined 
16.3.2023, 20:20:31 - ERROR - Failed to get toys | ReferenceError: criteria is not defined 
16.3.2023, 20:20:35 - INFO - Hi | 90 | Bobo 
16.3.2023, 20:20:36 - INFO - Req was made 
16.3.2023, 20:20:36 - DEBUG - Getting Toys | {"name":""} 
16.3.2023, 20:20:36 - DEBUG - filterBy | {"name":""} 
16.3.2023, 20:20:36 - ERROR - cannot find toys | ReferenceError: criteria is not defined 
16.3.2023, 20:20:36 - ERROR - Failed to get toys | ReferenceError: criteria is not defined 
16.3.2023, 20:20:53 - INFO - Hi | 90 | Bobo 
16.3.2023, 20:20:54 - INFO - Req was made 
16.3.2023, 20:20:54 - DEBUG - Getting Toys | {"name":""} 
16.3.2023, 20:20:54 - DEBUG - filterBy | {"name":""} 
16.3.2023, 20:21:01 - INFO - Hi | 90 | Bobo 
16.3.2023, 20:21:02 - INFO - Req was made 
16.3.2023, 20:21:02 - DEBUG - Getting Toys | {"name":""} 
16.3.2023, 20:21:02 - DEBUG - filterBy | {"name":""} 
16.3.2023, 20:21:07 - INFO - Hi | 90 | Bobo 
16.3.2023, 20:21:07 - INFO - Req was made 
16.3.2023, 20:21:07 - DEBUG - Getting Toys | {"name":"","inStock":"all"} 
16.3.2023, 20:21:07 - DEBUG - filterBy | {"name":"","inStock":"all"} 
16.3.2023, 20:21:12 - INFO - Hi | 90 | Bobo 
16.3.2023, 20:21:13 - INFO - Req was made 
16.3.2023, 20:21:13 - DEBUG - Getting Toys | {"name":"","inStock":"true"} 
16.3.2023, 20:21:13 - DEBUG - filterBy | {"name":"","inStock":"true"} 
16.3.2023, 20:23:04 - INFO - Hi | 90 | Bobo 
16.3.2023, 20:23:09 - INFO - Req was made 
16.3.2023, 20:23:09 - DEBUG - Getting Toys | {"name":"","inStock":"true"} 
16.3.2023, 20:23:09 - DEBUG - criteria | {"name":{"$regex":"","$options":"i"},"$and":["true"]} 
16.3.2023, 20:23:09 - ERROR - cannot find toys | MongoServerError: $or/$and/$nor entries need to be full objects 
16.3.2023, 20:23:09 - ERROR - Failed to get toys | MongoServerError: $or/$and/$nor entries need to be full objects 
16.3.2023, 20:23:42 - INFO - Hi | 90 | Bobo 
16.3.2023, 20:23:43 - INFO - Req was made 
16.3.2023, 20:23:43 - DEBUG - Getting Toys | {"name":"","inStock":"true"} 
16.3.2023, 20:23:43 - DEBUG - criteria | {"name":{"$regex":"","$options":"i"},"$and":{"inStock":"true"}} 
16.3.2023, 20:23:43 - ERROR - Failed to get toys | MongoServerError: $and must be an array 
16.3.2023, 20:23:43 - ERROR - cannot find toys | MongoServerError: $and must be an array 
16.3.2023, 20:23:52 - INFO - Hi | 90 | Bobo 
16.3.2023, 20:23:53 - INFO - Req was made 
16.3.2023, 20:23:53 - DEBUG - Getting Toys | {"name":"","inStock":"all"} 
16.3.2023, 20:23:53 - DEBUG - criteria | {"name":{"$regex":"","$options":"i"}} 
16.3.2023, 20:24:05 - INFO - Hi | 90 | Bobo 
16.3.2023, 20:24:06 - INFO - Req was made 
16.3.2023, 20:24:06 - DEBUG - Getting Toys | {"name":"","inStock":true} 
16.3.2023, 20:24:06 - DEBUG - criteria | {"name":{"$regex":"","$options":"i"},"$and":{"inStock":true}} 
16.3.2023, 20:24:06 - ERROR - cannot find toys | MongoServerError: $and must be an array 
16.3.2023, 20:24:06 - ERROR - Failed to get toys | MongoServerError: $and must be an array 
16.3.2023, 20:25:21 - INFO - Hi | 90 | Bobo 
16.3.2023, 20:25:23 - INFO - Req was made 
16.3.2023, 20:25:23 - DEBUG - Getting Toys | {"name":"","inStock":true} 
16.3.2023, 20:25:23 - DEBUG - criteria | {"name":{"$regex":"","$options":"i"},"inStock":true} 
16.3.2023, 20:25:36 - INFO - Hi | 90 | Bobo 
16.3.2023, 20:25:37 - INFO - Req was made 
16.3.2023, 20:25:37 - DEBUG - Getting Toys | {"name":"","inStock":"all"} 
16.3.2023, 20:25:37 - DEBUG - criteria | {"name":{"$regex":"","$options":"i"}} 
16.3.2023, 20:26:18 - INFO - Hi | 90 | Bobo 
16.3.2023, 20:26:34 - INFO - Hi | 90 | Bobo 
16.3.2023, 20:26:36 - INFO - Req was made 
16.3.2023, 20:26:36 - DEBUG - criteria | {"name":{"$regex":"","$options":"i"},"inStock":""} 
16.3.2023, 20:26:36 - DEBUG - Getting Toys | {"name":"","inStock":""} 
16.3.2023, 20:27:00 - INFO - Hi | 90 | Bobo 
16.3.2023, 20:27:01 - INFO - Req was made 
16.3.2023, 20:27:01 - DEBUG - Getting Toys | {"name":"","inStock":"all"} 
16.3.2023, 20:27:01 - DEBUG - criteria | {"name":{"$regex":"","$options":"i"}} 
16.3.2023, 20:27:17 - INFO - Hi | 90 | Bobo 
16.3.2023, 20:27:19 - INFO - Req was made 
16.3.2023, 20:27:19 - ERROR - Failed to get toys | TypeError: Cannot read properties of undefined (reading 'length') 
16.3.2023, 20:27:35 - INFO - Hi | 90 | Bobo 
16.3.2023, 20:27:37 - INFO - Req was made 
16.3.2023, 20:27:37 - DEBUG - Getting Toys | {"name":"","inStock":"all"} 
16.3.2023, 20:27:37 - DEBUG - criteria | {"name":{"$regex":"","$options":"i"}} 
16.3.2023, 20:28:03 - INFO - Hi | 90 | Bobo 
16.3.2023, 20:28:04 - INFO - Req was made 
16.3.2023, 20:28:04 - DEBUG - Getting Toys | {"name":"","inStock":"all","labels":"Puzzle"} 
16.3.2023, 20:28:04 - DEBUG - labels 
16.3.2023, 20:28:04 - DEBUG - criteria | {"name":{"$regex":"","$options":"i"}} 
16.3.2023, 20:28:31 - INFO - Hi | 90 | Bobo 
16.3.2023, 20:28:32 - INFO - Req was made 
16.3.2023, 20:28:32 - DEBUG - Getting Toys | {"name":"","inStock":"all","labels":"Puzzle"} 
16.3.2023, 20:28:32 - DEBUG - criteria | {"name":{"$regex":"","$options":"i"},"labels":"Puzzle"} 
16.3.2023, 20:28:51 - INFO - Hi | 90 | Bobo 
16.3.2023, 20:28:52 - INFO - Req was made 
16.3.2023, 20:28:52 - DEBUG - Getting Toys | {"name":"","inStock":"all","labels":["Puzzle","Doll"]} 
16.3.2023, 20:28:52 - DEBUG - criteria | {"name":{"$regex":"","$options":"i"},"labels":["Puzzle","Doll"]} 
16.3.2023, 20:29:37 - INFO - Hi | 90 | Bobo 
16.3.2023, 20:29:38 - INFO - Req was made 
16.3.2023, 20:29:38 - DEBUG - Getting Toys | {"name":"","inStock":"all","labels":[]} 
16.3.2023, 20:29:38 - DEBUG - criteria | {"name":{"$regex":"","$options":"i"},"labels":[]} 
16.3.2023, 20:30:31 - INFO - Hi | 90 | Bobo 
16.3.2023, 20:30:32 - INFO - Req was made 
16.3.2023, 20:30:32 - DEBUG - Getting Toys | {"name":"","inStock":"all","labels":"Puzzle"} 
16.3.2023, 20:30:32 - DEBUG - criteria | {"name":{"$regex":"","$options":"i"},"labels":"Puzzle"} 
16.3.2023, 20:35:29 - INFO - Hi | 90 | Bobo 
16.3.2023, 20:35:32 - INFO - Req was made 
16.3.2023, 20:35:32 - DEBUG - Getting Toys | {"name":"","inStock":"all","labels":["Puzzle","Doll"]} 
16.3.2023, 20:35:32 - DEBUG - criteria | {"name":{"$regex":"","$options":"i"},"labels":["Puzzle","Doll"]} 
16.3.2023, 20:35:37 - INFO - Hi | 90 | Bobo 
16.3.2023, 20:35:38 - DEBUG - Getting Toys | {"name":"","inStock":"all","labels":["Puzzle"]} 
16.3.2023, 20:35:38 - DEBUG - criteria | {"name":{"$regex":"","$options":"i"},"labels":["Puzzle"]} 
16.3.2023, 20:35:38 - INFO - Req was made 
16.3.2023, 20:35:43 - INFO - Hi | 90 | Bobo 
16.3.2023, 20:35:44 - INFO - Req was made 
16.3.2023, 20:35:44 - DEBUG - Getting Toys | {"name":"","inStock":"all","labels":"Puzzle"} 
16.3.2023, 20:35:44 - DEBUG - criteria | {"name":{"$regex":"","$options":"i"},"labels":"Puzzle"} 
16.3.2023, 20:37:45 - INFO - Hi | 90 | Bobo 
16.3.2023, 20:37:45 - INFO - Req was made 
16.3.2023, 20:37:45 - DEBUG - Getting Toys | {"name":"","inStock":"all","labels":{"labels":["Doll, Puzzle"]}} 
16.3.2023, 20:37:45 - DEBUG - criteria | {"name":{"$regex":"","$options":"i"},"labels":{"labels":["Doll, Puzzle"]}} 
16.3.2023, 20:38:05 - INFO - Hi | 90 | Bobo 
16.3.2023, 20:38:06 - INFO - Req was made 
16.3.2023, 20:38:06 - DEBUG - Getting Toys | {"name":"","inStock":"all","labels":["Doll, Puzzle"]} 
16.3.2023, 20:38:06 - DEBUG - criteria | {"name":{"$regex":"","$options":"i"},"labels":["Doll, Puzzle"]} 
16.3.2023, 20:41:08 - INFO - Hi | 90 | Bobo 
16.3.2023, 20:41:10 - INFO - Req was made 
16.3.2023, 20:41:10 - DEBUG - Getting Toys | {"name":"","inStock":"all"} 
16.3.2023, 20:41:10 - DEBUG - criteria | {"name":{"$regex":"","$options":"i"}} 
16.3.2023, 20:43:16 - INFO - Hi | 90 | Bobo 
16.3.2023, 20:43:24 - INFO - Req was made 
16.3.2023, 20:43:24 - DEBUG - Getting Toys | {"name":"","inStock":"all"} 
16.3.2023, 20:43:24 - DEBUG - criteria | {"name":{"$regex":"","$options":"i"}} 
16.3.2023, 20:44:06 - INFO - Req was made 
16.3.2023, 20:44:06 - DEBUG - Getting Toys | {"name":"","inStock":"all"} 
16.3.2023, 20:44:06 - DEBUG - criteria | {"name":{"$regex":"","$options":"i"}} 
16.3.2023, 20:44:59 - INFO - Req was made 
16.3.2023, 20:44:59 - DEBUG - Getting Toys | {"name":"","inStock":"all"} 
16.3.2023, 20:44:59 - DEBUG - criteria | {"name":{"$regex":"","$options":"i"}} 
16.3.2023, 20:45:17 - INFO - Hi | 90 | Bobo 
16.3.2023, 20:45:25 - INFO - Hi | 90 | Bobo 
16.3.2023, 20:46:12 - INFO - Req was made 
16.3.2023, 20:46:12 - DEBUG - Getting Toys | {"name":"","inStock":"all"} 
16.3.2023, 20:46:12 - DEBUG - criteria | {"name":{"$regex":"","$options":"i"}} 
16.3.2023, 20:46:34 - ERROR - cannot insert toy | MongoServerError: E11000 duplicate key error collection: toy_db.toy index: _id_ dup key: { _id: "" } 
16.3.2023, 20:46:34 - ERROR - Failed to add toy | MongoServerError: E11000 duplicate key error collection: toy_db.toy index: _id_ dup key: { _id: "" } 
16.3.2023, 20:46:42 - INFO - Req was made 
16.3.2023, 20:46:42 - DEBUG - Getting Toys | {"name":"","inStock":"all"} 
16.3.2023, 20:46:42 - DEBUG - criteria | {"name":{"$regex":"","$options":"i"}} 
16.3.2023, 20:47:21 - INFO - Req was made 
16.3.2023, 20:47:21 - DEBUG - Getting Toys | {"name":"","inStock":"all"} 
16.3.2023, 20:47:21 - DEBUG - criteria | {"name":{"$regex":"","$options":"i"}} 
16.3.2023, 20:47:56 - INFO - Req was made 
16.3.2023, 20:47:56 - DEBUG - Getting Toys | {"name":"","inStock":"all"} 
16.3.2023, 20:47:56 - DEBUG - criteria | {"name":{"$regex":"","$options":"i"}} 
16.3.2023, 20:49:11 - INFO - Hi | 90 | Bobo 
16.3.2023, 20:49:49 - INFO - Req was made 
16.3.2023, 20:49:49 - DEBUG - Getting Toys | {"name":"","inStock":"all"} 
16.3.2023, 20:49:49 - DEBUG - criteria | {"name":{"$regex":"","$options":"i"}} 
16.3.2023, 20:49:54 - INFO - Req was made 
16.3.2023, 20:49:54 - DEBUG - Getting Toys | {"name":"","inStock":"all"} 
16.3.2023, 20:49:54 - DEBUG - criteria | {"name":{"$regex":"","$options":"i"}} 
16.3.2023, 20:50:00 - ERROR - cannot insert toy | MongoServerError: E11000 duplicate key error collection: toy_db.toy index: _id_ dup key: { _id: "" } 
16.3.2023, 20:50:00 - ERROR - Failed to add toy | MongoServerError: E11000 duplicate key error collection: toy_db.toy index: _id_ dup key: { _id: "" } 
16.3.2023, 20:58:18 - INFO - Req was made 
16.3.2023, 20:58:18 - DEBUG - Getting Toys | {"name":"","inStock":"all"} 
16.3.2023, 20:58:18 - DEBUG - criteria | {"name":{"$regex":"","$options":"i"}} 
16.3.2023, 20:58:57 - INFO - Req was made 
16.3.2023, 20:58:57 - DEBUG - Getting Toys | {"name":"","inStock":"all"} 
16.3.2023, 20:58:57 - DEBUG - criteria | {"name":{"$regex":"","$options":"i"}} 
16.3.2023, 20:59:14 - INFO - Req was made 
16.3.2023, 20:59:14 - DEBUG - Getting Toys | {"name":"","inStock":"all"} 
16.3.2023, 20:59:14 - DEBUG - criteria | {"name":{"$regex":"","$options":"i"}} 
16.3.2023, 20:59:31 - INFO - Req was made 
16.3.2023, 20:59:31 - DEBUG - Getting Toys | {"name":"","inStock":"all"} 
16.3.2023, 20:59:31 - DEBUG - criteria | {"name":{"$regex":"","$options":"i"}} 
16.3.2023, 21:00:22 - INFO - Req was made 
16.3.2023, 21:00:22 - DEBUG - Getting Toys | {"name":"","inStock":"all"} 
16.3.2023, 21:00:22 - DEBUG - criteria | {"name":{"$regex":"","$options":"i"}} 
16.3.2023, 21:02:19 - INFO - Hi | 90 | Bobo 
16.3.2023, 21:03:04 - DEBUG - toy | {"name":"Toy 11","price":54,"labels":["Puzzle","Box game"],"createdAt":"3/16/2023, 9:03:01 PM","inStock":true} 
16.3.2023, 21:03:04 - DEBUG - toy | {"name":"Toy 11","price":54,"labels":["Puzzle","Box game"],"createdAt":"3/16/2023, 9:03:01 PM","inStock":true} 
16.3.2023, 21:03:59 - INFO - Hi | 90 | Bobo 
16.3.2023, 21:04:04 - DEBUG - toy | {"name":"asd","price":11,"labels":["Baby","Outdoor"],"createdAt":"3/16/2023, 9:04:03 PM","inStock":true} 
16.3.2023, 21:04:04 - DEBUG - toy | {"name":"asd","price":11,"labels":["Baby","Outdoor"],"createdAt":"3/16/2023, 9:04:03 PM","inStock":true} 
16.3.2023, 21:04:11 - ERROR - while finding toy undefined | BSONError: Argument passed in must be a string of 12 bytes or a string of 24 hex characters or an integer 
16.3.2023, 21:04:11 - ERROR - Failed to get toy | BSONError: Argument passed in must be a string of 12 bytes or a string of 24 hex characters or an integer 
16.3.2023, 21:04:14 - INFO - Req was made 
16.3.2023, 21:04:14 - DEBUG - Getting Toys | {"name":"","inStock":"all"} 
16.3.2023, 21:04:14 - DEBUG - criteria | {"name":{"$regex":"","$options":"i"}} 
16.3.2023, 21:04:25 - INFO - Hi | 90 | Bobo 
16.3.2023, 21:04:40 - INFO - Hi | 90 | Bobo 
16.3.2023, 21:04:45 - DEBUG - toy | {"name":"asd","price":79,"labels":["Art","Outdoor"],"createdAt":"3/16/2023, 9:04:43 PM","inStock":true} 
16.3.2023, 21:04:45 - DEBUG - toy | {"name":"asd","price":79,"labels":["Art","Outdoor"],"createdAt":"3/16/2023, 9:04:43 PM","inStock":true} 
16.3.2023, 21:04:45 - DEBUG - toy | {"name":"asd","price":79,"labels":["Art","Outdoor"],"createdAt":"3/16/2023, 9:04:43 PM","inStock":true} 
16.3.2023, 21:04:45 - DEBUG - toy | {"name":"asd","price":79,"labels":["Art","Outdoor"],"createdAt":"3/16/2023, 9:04:43 PM","inStock":true} 
16.3.2023, 21:04:47 - DEBUG - toy | {"name":"asd","price":79,"labels":["Art","Outdoor"],"createdAt":"3/16/2023, 9:04:43 PM","inStock":true} 
16.3.2023, 21:04:47 - DEBUG - toy | {"name":"asd","price":79,"labels":["Art","Outdoor"],"createdAt":"3/16/2023, 9:04:43 PM","inStock":true} 
16.3.2023, 21:04:55 - INFO - Hi | 90 | Bobo 
16.3.2023, 21:04:55 - DEBUG - toy | {"name":"asd","price":79,"labels":["Art","Outdoor"],"createdAt":"3/16/2023, 9:04:43 PM","inStock":true} 
16.3.2023, 21:04:55 - DEBUG - toy | {"name":"asd","price":79,"labels":["Art","Outdoor"],"createdAt":"3/16/2023, 9:04:43 PM","inStock":true} 
16.3.2023, 21:04:55 - DEBUG - toy | {"name":"asd","price":79,"labels":["Art","Outdoor"],"createdAt":"3/16/2023, 9:04:43 PM","inStock":true} 
16.3.2023, 21:04:55 - DEBUG - toy | {"name":"asd","price":79,"labels":["Art","Outdoor"],"createdAt":"3/16/2023, 9:04:43 PM","inStock":true} 
16.3.2023, 21:04:55 - DEBUG - toy | {"name":"asd","price":79,"labels":["Art","Outdoor"],"createdAt":"3/16/2023, 9:04:43 PM","inStock":true} 
16.3.2023, 21:04:55 - DEBUG - toy | {"name":"asd","price":79,"labels":["Art","Outdoor"],"createdAt":"3/16/2023, 9:04:43 PM","inStock":true} 
16.3.2023, 21:04:55 - DEBUG - toy | {"name":"asd","price":79,"labels":["Art","Outdoor"],"createdAt":"3/16/2023, 9:04:43 PM","inStock":true} 
16.3.2023, 21:04:55 - DEBUG - toy | {"name":"asd","price":79,"labels":["Art","Outdoor"],"createdAt":"3/16/2023, 9:04:43 PM","inStock":true} 
16.3.2023, 21:04:55 - DEBUG - toy | {"name":"asd","price":79,"labels":["Art","Outdoor"],"createdAt":"3/16/2023, 9:04:43 PM","inStock":true} 
16.3.2023, 21:04:55 - DEBUG - toy | {"name":"asd","price":79,"labels":["Art","Outdoor"],"createdAt":"3/16/2023, 9:04:43 PM","inStock":true} 
16.3.2023, 21:04:55 - DEBUG - toy | {"name":"asd","price":79,"labels":["Art","Outdoor"],"createdAt":"3/16/2023, 9:04:43 PM","inStock":true} 
16.3.2023, 21:04:55 - DEBUG - toy | {"name":"asd","price":79,"labels":["Art","Outdoor"],"createdAt":"3/16/2023, 9:04:43 PM","inStock":true} 
16.3.2023, 21:04:55 - DEBUG - toy | {"name":"asd","price":79,"labels":["Art","Outdoor"],"createdAt":"3/16/2023, 9:04:43 PM","inStock":true} 
16.3.2023, 21:04:55 - DEBUG - toy | {"name":"asd","price":79,"labels":["Art","Outdoor"],"createdAt":"3/16/2023, 9:04:43 PM","inStock":true} 
16.3.2023, 21:04:55 - DEBUG - toy | {"name":"asd","price":79,"labels":["Art","Outdoor"],"createdAt":"3/16/2023, 9:04:43 PM","inStock":true} 
16.3.2023, 21:04:55 - DEBUG - toy | {"name":"asd","price":79,"labels":["Art","Outdoor"],"createdAt":"3/16/2023, 9:04:43 PM","inStock":true} 
16.3.2023, 21:05:16 - INFO - Req was made 
16.3.2023, 21:05:16 - DEBUG - Getting Toys | {"name":"","inStock":"all"} 
16.3.2023, 21:05:16 - DEBUG - criteria | {"name":{"$regex":"","$options":"i"}} 
16.3.2023, 21:05:49 - INFO - Req was made 
16.3.2023, 21:05:49 - DEBUG - Getting Toys | {"name":"","inStock":"all"} 
16.3.2023, 21:05:49 - DEBUG - criteria | {"name":{"$regex":"","$options":"i"}} 
16.3.2023, 21:06:03 - INFO - Req was made 
16.3.2023, 21:06:03 - DEBUG - Getting Toys | {"name":"","inStock":"all"} 
16.3.2023, 21:06:03 - DEBUG - criteria | {"name":{"$regex":"","$options":"i"}} 
16.3.2023, 21:06:11 - INFO - Req was made 
16.3.2023, 21:06:11 - DEBUG - Getting Toys | {"name":"","inStock":"all"} 
16.3.2023, 21:06:11 - DEBUG - criteria | {"name":{"$regex":"","$options":"i"}} 
16.3.2023, 21:06:12 - INFO - Req was made 
16.3.2023, 21:06:12 - DEBUG - Getting Toys | {"name":"","inStock":"all"} 
16.3.2023, 21:06:12 - DEBUG - criteria | {"name":{"$regex":"","$options":"i"}} 
16.3.2023, 21:06:19 - INFO - Req was made 
16.3.2023, 21:06:19 - DEBUG - Getting Toys | {"name":"","inStock":"all"} 
16.3.2023, 21:06:19 - DEBUG - criteria | {"name":{"$regex":"","$options":"i"}} 
16.3.2023, 21:06:31 - INFO - Req was made 
16.3.2023, 21:06:31 - DEBUG - Getting Toys | {"name":"","inStock":"all"} 
16.3.2023, 21:06:31 - DEBUG - criteria | {"name":{"$regex":"","$options":"i"}} 
16.3.2023, 21:06:33 - INFO - Req was made 
16.3.2023, 21:06:33 - DEBUG - Getting Toys | {"name":"","inStock":"all"} 
16.3.2023, 21:06:33 - DEBUG - criteria | {"name":{"$regex":"","$options":"i"}} 
16.3.2023, 21:06:33 - INFO - Req was made 
16.3.2023, 21:06:33 - DEBUG - Getting Toys | {"name":"","inStock":"all"} 
16.3.2023, 21:06:33 - DEBUG - criteria | {"name":{"$regex":"","$options":"i"}} 
16.3.2023, 21:06:43 - INFO - Req was made 
16.3.2023, 21:06:43 - DEBUG - Getting Toys | {"name":"","inStock":"all"} 
16.3.2023, 21:06:43 - DEBUG - criteria | {"name":{"$regex":"","$options":"i"}} 
16.3.2023, 21:06:45 - INFO - Req was made 
16.3.2023, 21:06:45 - DEBUG - Getting Toys | {"name":"","inStock":"all"} 
16.3.2023, 21:06:45 - DEBUG - criteria | {"name":{"$regex":"","$options":"i"}} 
16.3.2023, 21:06:47 - INFO - Req was made 
16.3.2023, 21:06:47 - DEBUG - Getting Toys | {"name":"2","inStock":"all"} 
16.3.2023, 21:06:47 - DEBUG - criteria | {"name":{"$regex":"2","$options":"i"}} 
16.3.2023, 21:06:48 - INFO - Req was made 
16.3.2023, 21:06:48 - DEBUG - Getting Toys | {"name":"","inStock":"all"} 
16.3.2023, 21:06:48 - DEBUG - criteria | {"name":{"$regex":"","$options":"i"}} 
16.3.2023, 21:06:51 - INFO - Req was made 
16.3.2023, 21:06:51 - DEBUG - Getting Toys | {"name":"","inStock":"true"} 
16.3.2023, 21:06:51 - DEBUG - criteria | {"name":{"$regex":"","$options":"i"},"inStock":"true"} 
16.3.2023, 21:06:53 - INFO - Req was made 
16.3.2023, 21:06:53 - DEBUG - Getting Toys | {"name":"","inStock":"all"} 
16.3.2023, 21:06:53 - DEBUG - criteria | {"name":{"$regex":"","$options":"i"}} 
16.3.2023, 21:07:08 - INFO - Req was made 
16.3.2023, 21:07:08 - DEBUG - criteria | {"name":{"$regex":"","$options":"i"}} 
16.3.2023, 21:07:08 - DEBUG - Getting Toys | {"name":"","inStock":"all"} 
16.3.2023, 21:07:09 - INFO - Req was made 
16.3.2023, 21:07:09 - DEBUG - Getting Toys | {"name":"","inStock":"all"} 
16.3.2023, 21:07:09 - DEBUG - criteria | {"name":{"$regex":"","$options":"i"}} 
16.3.2023, 21:07:10 - INFO - Req was made 
16.3.2023, 21:07:10 - DEBUG - Getting Toys | {"name":"","inStock":"all"} 
16.3.2023, 21:07:10 - DEBUG - criteria | {"name":{"$regex":"","$options":"i"}} 
16.3.2023, 21:08:40 - INFO - Hi | 90 | Bobo 
16.3.2023, 21:08:47 - INFO - Req was made 
16.3.2023, 21:08:47 - DEBUG - {"name":"","inStock":"true","sortBy":{"by":"","desc":"1"}} 
16.3.2023, 21:08:47 - DEBUG - Getting Toys | {"name":"","inStock":"true"} 
16.3.2023, 21:08:47 - DEBUG - criteria | {"name":{"$regex":"","$options":"i"},"inStock":"true"} 
16.3.2023, 21:09:12 - INFO - Hi | 90 | Bobo 
16.3.2023, 21:09:17 - INFO - Req was made 
16.3.2023, 21:09:17 - DEBUG - {} 
16.3.2023, 21:09:17 - DEBUG - Getting Toys | {"name":"","inStock":true} 
16.3.2023, 21:09:17 - DEBUG - criteria | {"name":{"$regex":"","$options":"i"},"inStock":true} 
16.3.2023, 21:09:20 - DEBUG - {"name":"","inStock":"","sortBy":{"by":"","desc":"1"}} 
16.3.2023, 21:09:20 - INFO - Req was made 
16.3.2023, 21:09:20 - DEBUG - Getting Toys | {"name":"","inStock":true} 
16.3.2023, 21:09:20 - DEBUG - criteria | {"name":{"$regex":"","$options":"i"},"inStock":true} 
16.3.2023, 21:09:22 - INFO - Req was made 
16.3.2023, 21:09:22 - DEBUG - {"name":"","inStock":"true","sortBy":{"by":"","desc":"1"}} 
16.3.2023, 21:09:22 - DEBUG - Getting Toys | {"name":"","inStock":"true"} 
16.3.2023, 21:09:22 - DEBUG - criteria | {"name":{"$regex":"","$options":"i"},"inStock":"true"} 
16.3.2023, 21:09:23 - INFO - Req was made 
16.3.2023, 21:09:23 - DEBUG - {"name":"","inStock":"","sortBy":{"by":"","desc":"1"}} 
16.3.2023, 21:09:23 - DEBUG - Getting Toys | {"name":"","inStock":true} 
16.3.2023, 21:09:23 - DEBUG - criteria | {"name":{"$regex":"","$options":"i"},"inStock":true} 
16.3.2023, 21:09:42 - INFO - Hi | 90 | Bobo 
16.3.2023, 21:09:45 - INFO - Hi | 90 | Bobo 
16.3.2023, 21:09:47 - INFO - Req was made 
16.3.2023, 21:09:47 - DEBUG - {} 
16.3.2023, 21:09:47 - DEBUG - Getting Toys | {"name":"","inStock":"all"} 
16.3.2023, 21:09:47 - DEBUG - criteria | {"name":{"$regex":"","$options":"i"}} 
16.3.2023, 21:09:50 - INFO - Req was made 
16.3.2023, 21:09:50 - DEBUG - {"name":"","inStock":"","sortBy":{"by":"","desc":"1"}} 
16.3.2023, 21:09:50 - DEBUG - Getting Toys | {"name":"","inStock":"all"} 
16.3.2023, 21:09:50 - DEBUG - criteria | {"name":{"$regex":"","$options":"i"}} 
16.3.2023, 21:09:51 - INFO - Req was made 
16.3.2023, 21:09:51 - DEBUG - Getting Toys | {"name":"","inStock":"true"} 
16.3.2023, 21:09:51 - DEBUG - {"name":"","inStock":"true","sortBy":{"by":"","desc":"1"}} 
16.3.2023, 21:09:51 - DEBUG - criteria | {"name":{"$regex":"","$options":"i"},"inStock":true} 
16.3.2023, 21:09:54 - INFO - Req was made 
16.3.2023, 21:09:54 - DEBUG - {"name":"","inStock":"","sortBy":{"by":"","desc":"1"}} 
16.3.2023, 21:09:54 - DEBUG - Getting Toys | {"name":"","inStock":"all"} 
16.3.2023, 21:09:54 - DEBUG - criteria | {"name":{"$regex":"","$options":"i"}} 
16.3.2023, 21:10:19 - INFO - Req was made 
16.3.2023, 21:10:19 - DEBUG - {"name":"","inStock":"","labels":["On wheels"],"sortBy":{"by":"","desc":"1"}} 
16.3.2023, 21:10:19 - DEBUG - Getting Toys | {"name":"","inStock":"all"} 
16.3.2023, 21:10:19 - DEBUG - criteria | {"name":{"$regex":"","$options":"i"}} 
16.3.2023, 21:10:20 - INFO - Req was made 
16.3.2023, 21:10:20 - DEBUG - {"name":"","inStock":"","labels":["On wheels","Box game"],"sortBy":{"by":"","desc":"1"}} 
16.3.2023, 21:10:20 - DEBUG - Getting Toys | {"name":"","inStock":"all"} 
16.3.2023, 21:10:20 - DEBUG - criteria | {"name":{"$regex":"","$options":"i"}} 
16.3.2023, 21:11:05 - INFO - Hi | 90 | Bobo 
16.3.2023, 21:11:06 - INFO - Req was made 
16.3.2023, 21:11:06 - DEBUG - {} 
16.3.2023, 21:11:06 - DEBUG - Getting Toys | {"name":"","inStock":"all"} 
16.3.2023, 21:11:06 - DEBUG - criteria | {"name":{"$regex":"","$options":"i"}} 
16.3.2023, 21:11:54 - INFO - Hi | 90 | Bobo 
16.3.2023, 21:11:56 - INFO - Req was made 
16.3.2023, 21:11:56 - DEBUG - {} 
16.3.2023, 21:11:56 - ERROR - Failed to get toys | ReferenceError: Cannot access 'criteria' before initialization 
16.3.2023, 21:11:56 - DEBUG - Getting Toys | {"name":"","inStock":"all"} 
16.3.2023, 21:12:17 - INFO - Hi | 90 | Bobo 
16.3.2023, 21:12:18 - INFO - Req was made 
16.3.2023, 21:12:18 - DEBUG - {} 
16.3.2023, 21:12:18 - DEBUG - criteria | {"name":{"$regex":"","$options":"i"}} 
16.3.2023, 21:12:18 - DEBUG - Getting Toys | {"name":"","inStock":"all"} 
16.3.2023, 21:12:18 - DEBUG - filterBy | {"name":"","inStock":"all"} 
16.3.2023, 21:13:05 - INFO - Req was made 
16.3.2023, 21:13:05 - DEBUG - {} 
16.3.2023, 21:13:05 - DEBUG - Getting Toys | {"name":"","inStock":"all"} 
16.3.2023, 21:13:05 - DEBUG - filterBy | {"name":"","inStock":"all"} 
16.3.2023, 21:13:05 - DEBUG - criteria | {"name":{"$regex":"","$options":"i"}} 
16.3.2023, 21:13:07 - INFO - Req was made 
16.3.2023, 21:13:07 - DEBUG - {"name":"","labels":["On wheels"],"sortBy":{"by":"","desc":"1"}} 
16.3.2023, 21:13:07 - DEBUG - Getting Toys | {"name":"","inStock":"all"} 
16.3.2023, 21:13:07 - DEBUG - criteria | {"name":{"$regex":"","$options":"i"}} 
16.3.2023, 21:13:07 - DEBUG - filterBy | {"name":"","inStock":"all"} 
16.3.2023, 21:13:08 - INFO - Req was made 
16.3.2023, 21:13:08 - DEBUG - {"name":"","labels":["On wheels","Box game"],"sortBy":{"by":"","desc":"1"}} 
16.3.2023, 21:13:08 - DEBUG - Getting Toys | {"name":"","inStock":"all"} 
16.3.2023, 21:13:08 - DEBUG - filterBy | {"name":"","inStock":"all"} 
16.3.2023, 21:13:08 - DEBUG - criteria | {"name":{"$regex":"","$options":"i"}} 
16.3.2023, 21:13:57 - INFO - Hi | 90 | Bobo 
16.3.2023, 21:14:01 - INFO - Req was made 
16.3.2023, 21:14:01 - DEBUG - ["Box game"] 
16.3.2023, 21:14:01 - DEBUG - Getting Toys | {"name":"","inStock":"all","labels":["Box game"]} 
16.3.2023, 21:14:01 - DEBUG - filterBy | {"name":"","inStock":"all","labels":["Box game"]} 
16.3.2023, 21:14:01 - DEBUG - criteria | {"name":{"$regex":"","$options":"i"},"labels":["Box game"]} 
16.3.2023, 21:14:01 - DEBUG - ["On wheels","Box game"] 
16.3.2023, 21:14:01 - DEBUG - Getting Toys | {"name":"","inStock":"all","labels":["On wheels","Box game"]} 
16.3.2023, 21:14:01 - DEBUG - criteria | {"name":{"$regex":"","$options":"i"},"labels":["On wheels","Box game"]} 
16.3.2023, 21:14:01 - DEBUG - filterBy | {"name":"","inStock":"all","labels":["On wheels","Box game"]} 
16.3.2023, 21:14:01 - INFO - Req was made 
16.3.2023, 21:14:18 - INFO - Req was made 
16.3.2023, 21:14:18 - DEBUG - ["Box game"] 
16.3.2023, 21:14:18 - DEBUG - Getting Toys | {"name":"","inStock":"all","labels":["Box game"]} 
16.3.2023, 21:14:18 - DEBUG - criteria | {"name":{"$regex":"","$options":"i"},"labels":["Box game"]} 
16.3.2023, 21:14:18 - DEBUG - filterBy | {"name":"","inStock":"all","labels":["Box game"]} 
16.3.2023, 21:14:19 - INFO - Req was made 
16.3.2023, 21:14:19 - DEBUG - ["On wheels"] 
16.3.2023, 21:14:19 - DEBUG - Getting Toys | {"name":"","inStock":"all","labels":["On wheels"]} 
16.3.2023, 21:14:19 - DEBUG - criteria | {"name":{"$regex":"","$options":"i"},"labels":["On wheels"]} 
16.3.2023, 21:14:19 - DEBUG - filterBy | {"name":"","inStock":"all","labels":["On wheels"]} 
16.3.2023, 21:14:20 - INFO - Req was made 
16.3.2023, 21:14:20 - DEBUG - ["Art"] 
16.3.2023, 21:14:20 - DEBUG - Getting Toys | {"name":"","inStock":"all","labels":["Art"]} 
16.3.2023, 21:14:20 - DEBUG - criteria | {"name":{"$regex":"","$options":"i"},"labels":["Art"]} 
16.3.2023, 21:14:20 - DEBUG - filterBy | {"name":"","inStock":"all","labels":["Art"]} 
16.3.2023, 21:14:21 - INFO - Req was made 
16.3.2023, 21:14:21 - DEBUG -  
16.3.2023, 21:14:21 - DEBUG - Getting Toys | {"name":"","inStock":"all","labels":["Doll","Puzzle"]} 
16.3.2023, 21:14:21 - DEBUG - criteria | {"name":{"$regex":"","$options":"i"},"labels":["Doll","Puzzle"]} 
16.3.2023, 21:14:21 - DEBUG - filterBy | {"name":"","inStock":"all","labels":["Doll","Puzzle"]} 
16.3.2023, 21:14:23 - INFO - Req was made 
16.3.2023, 21:14:23 - DEBUG - ["On wheels"] 
16.3.2023, 21:14:23 - DEBUG - criteria | {"name":{"$regex":"","$options":"i"},"labels":["On wheels"]} 
16.3.2023, 21:14:23 - DEBUG - Getting Toys | {"name":"","inStock":"all","labels":["On wheels"]} 
16.3.2023, 21:14:23 - DEBUG - filterBy | {"name":"","inStock":"all","labels":["On wheels"]} 
16.3.2023, 21:16:02 - INFO - Req was made 
16.3.2023, 21:16:02 - DEBUG -  
16.3.2023, 21:16:02 - DEBUG - Getting Toys | {"name":"","inStock":"all","labels":["Doll","Puzzle"]} 
16.3.2023, 21:16:02 - DEBUG - criteria | {"name":{"$regex":"","$options":"i"},"labels":["Doll","Puzzle"]} 
16.3.2023, 21:16:02 - DEBUG - filterBy | {"name":"","inStock":"all","labels":["Doll","Puzzle"]} 
16.3.2023, 21:16:22 - INFO - Req was made 
16.3.2023, 21:16:22 - DEBUG -  
16.3.2023, 21:16:22 - DEBUG - Getting Toys | {"name":"","inStock":"all","labels":["Doll","Puzzle"]} 
16.3.2023, 21:16:22 - DEBUG - filterBy | {"name":"","inStock":"all","labels":["Doll","Puzzle"]} 
16.3.2023, 21:16:22 - DEBUG - criteria | {"name":{"$regex":"","$options":"i"},"labels":["Doll","Puzzle"]} 
16.3.2023, 21:16:53 - INFO - Hi | 90 | Bobo 
16.3.2023, 21:16:56 - INFO - Req was made 
16.3.2023, 21:16:56 - DEBUG -  
16.3.2023, 21:16:56 - DEBUG - criteria | {"name":{"$regex":"","$options":"i"},"labels":["Doll","Puzzle"]} 
16.3.2023, 21:16:56 - DEBUG - Getting Toys | {"name":"","inStock":"all","labels":["Doll","Puzzle"]} 
16.3.2023, 21:16:56 - DEBUG - filterBy | {"name":"","inStock":"all","labels":["Doll","Puzzle"]} 
16.3.2023, 21:16:57 - INFO - Req was made 
16.3.2023, 21:16:57 - DEBUG -  
16.3.2023, 21:16:57 - DEBUG - Getting Toys | {"name":"","inStock":"all","labels":["Doll","Puzzle"]} 
16.3.2023, 21:16:57 - DEBUG - criteria | {"name":{"$regex":"","$options":"i"},"labels":["Doll","Puzzle"]} 
16.3.2023, 21:16:57 - DEBUG - filterBy | {"name":"","inStock":"all","labels":["Doll","Puzzle"]} 
16.3.2023, 21:17:02 - INFO - Req was made 
16.3.2023, 21:17:02 - DEBUG -  
16.3.2023, 21:17:02 - DEBUG - criteria | {"name":{"$regex":"","$options":"i"},"labels":["Doll","Puzzle"]} 
16.3.2023, 21:17:02 - DEBUG - Getting Toys | {"name":"","inStock":"all","labels":["Doll","Puzzle"]} 
16.3.2023, 21:17:02 - DEBUG - filterBy | {"name":"","inStock":"all","labels":["Doll","Puzzle"]} 
16.3.2023, 21:17:11 - INFO - Req was made 
16.3.2023, 21:17:11 - DEBUG - ["On wheels"] 
16.3.2023, 21:17:11 - DEBUG - Getting Toys | {"name":"","inStock":"all","labels":["On wheels"]} 
16.3.2023, 21:17:11 - DEBUG - filterBy | {"name":"","inStock":"all","labels":["On wheels"]} 
16.3.2023, 21:17:11 - DEBUG - criteria | {"name":{"$regex":"","$options":"i"},"labels":["On wheels"]} 
16.3.2023, 21:17:12 - DEBUG -  
16.3.2023, 21:17:12 - INFO - Req was made 
16.3.2023, 21:17:12 - DEBUG - criteria | {"name":{"$regex":"","$options":"i"},"labels":["Doll","Puzzle"]} 
16.3.2023, 21:17:12 - DEBUG - Getting Toys | {"name":"","inStock":"all","labels":["Doll","Puzzle"]} 
16.3.2023, 21:17:12 - DEBUG - filterBy | {"name":"","inStock":"all","labels":["Doll","Puzzle"]} 
16.3.2023, 21:17:14 - INFO - Req was made 
16.3.2023, 21:17:14 - DEBUG - ["Box game"] 
16.3.2023, 21:17:14 - DEBUG - Getting Toys | {"name":"","inStock":"all","labels":["Box game"]} 
16.3.2023, 21:17:14 - DEBUG - criteria | {"name":{"$regex":"","$options":"i"},"labels":["Box game"]} 
16.3.2023, 21:17:14 - DEBUG - filterBy | {"name":"","inStock":"all","labels":["Box game"]} 
16.3.2023, 21:17:16 - INFO - Req was made 
16.3.2023, 21:17:16 - DEBUG -  
16.3.2023, 21:17:16 - DEBUG - Getting Toys | {"name":"","inStock":"all","labels":["Doll","Puzzle"]} 
16.3.2023, 21:17:16 - DEBUG - criteria | {"name":{"$regex":"","$options":"i"},"labels":["Doll","Puzzle"]} 
16.3.2023, 21:17:16 - DEBUG - filterBy | {"name":"","inStock":"all","labels":["Doll","Puzzle"]} 
16.3.2023, 21:17:17 - INFO - Req was made 
16.3.2023, 21:17:17 - DEBUG - ["Art"] 
16.3.2023, 21:17:17 - DEBUG - Getting Toys | {"name":"","inStock":"all","labels":["Art"]} 
16.3.2023, 21:17:17 - DEBUG - criteria | {"name":{"$regex":"","$options":"i"},"labels":["Art"]} 
16.3.2023, 21:17:17 - DEBUG - filterBy | {"name":"","inStock":"all","labels":["Art"]} 
16.3.2023, 21:17:18 - INFO - Req was made 
16.3.2023, 21:17:18 - DEBUG - Getting Toys | {"name":"","inStock":"all","labels":["Doll","Puzzle"]} 
16.3.2023, 21:17:18 - DEBUG - criteria | {"name":{"$regex":"","$options":"i"},"labels":["Doll","Puzzle"]} 
16.3.2023, 21:17:18 - DEBUG - filterBy | {"name":"","inStock":"all","labels":["Doll","Puzzle"]} 
16.3.2023, 21:17:18 - DEBUG -  
16.3.2023, 21:17:19 - INFO - Req was made 
16.3.2023, 21:17:19 - DEBUG - ["Baby"] 
16.3.2023, 21:17:19 - DEBUG - Getting Toys | {"name":"","inStock":"all","labels":["Baby"]} 
16.3.2023, 21:17:19 - DEBUG - criteria | {"name":{"$regex":"","$options":"i"},"labels":["Baby"]} 
16.3.2023, 21:17:19 - DEBUG - filterBy | {"name":"","inStock":"all","labels":["Baby"]} 
16.3.2023, 21:17:20 - INFO - Req was made 
16.3.2023, 21:17:20 - DEBUG -  
16.3.2023, 21:17:20 - DEBUG - Getting Toys | {"name":"","inStock":"all","labels":["Doll","Puzzle"]} 
16.3.2023, 21:17:20 - DEBUG - criteria | {"name":{"$regex":"","$options":"i"},"labels":["Doll","Puzzle"]} 
16.3.2023, 21:17:20 - DEBUG - filterBy | {"name":"","inStock":"all","labels":["Doll","Puzzle"]} 
16.3.2023, 21:17:21 - INFO - Req was made 
16.3.2023, 21:17:21 - DEBUG -  
16.3.2023, 21:17:21 - DEBUG - criteria | {"name":{"$regex":"","$options":"i"},"labels":["Doll","Puzzle"]} 
16.3.2023, 21:17:21 - DEBUG - Getting Toys | {"name":"","inStock":"all","labels":["Doll","Puzzle"]} 
16.3.2023, 21:17:21 - DEBUG - filterBy | {"name":"","inStock":"all","labels":["Doll","Puzzle"]} 
16.3.2023, 21:17:22 - INFO - Req was made 
16.3.2023, 21:17:22 - DEBUG -  
16.3.2023, 21:17:22 - DEBUG - Getting Toys | {"name":"","inStock":"all","labels":["Doll","Puzzle"]} 
16.3.2023, 21:17:22 - DEBUG - criteria | {"name":{"$regex":"","$options":"i"},"labels":["Doll","Puzzle"]} 
16.3.2023, 21:17:22 - DEBUG - filterBy | {"name":"","inStock":"all","labels":["Doll","Puzzle"]} 
16.3.2023, 21:17:23 - INFO - Req was made 
16.3.2023, 21:17:23 - DEBUG - Getting Toys | {"name":"","inStock":"all","labels":["Doll","Puzzle"]} 
16.3.2023, 21:17:23 - DEBUG - criteria | {"name":{"$regex":"","$options":"i"},"labels":["Doll","Puzzle"]} 
16.3.2023, 21:17:23 - DEBUG - filterBy | {"name":"","inStock":"all","labels":["Doll","Puzzle"]} 
16.3.2023, 21:17:23 - DEBUG -  
16.3.2023, 21:17:32 - INFO - Hi | 90 | Bobo 
16.3.2023, 21:17:36 - INFO - Req was made 
16.3.2023, 21:17:36 - DEBUG -  
16.3.2023, 21:17:36 - DEBUG - Getting Toys | {"name":"","inStock":"all","labels":"all"} 
16.3.2023, 21:17:36 - DEBUG - filterBy | {"name":"","inStock":"all","labels":"all"} 
16.3.2023, 21:17:36 - DEBUG - criteria | {"name":{"$regex":"","$options":"i"}} 
16.3.2023, 21:17:38 - INFO - Req was made 
16.3.2023, 21:17:38 - DEBUG - ["On wheels"] 
16.3.2023, 21:17:38 - DEBUG - Getting Toys | {"name":"","inStock":"all","labels":["On wheels"]} 
16.3.2023, 21:17:38 - DEBUG - filterBy | {"name":"","inStock":"all","labels":["On wheels"]} 
16.3.2023, 21:17:38 - DEBUG - criteria | {"name":{"$regex":"","$options":"i"},"labels":["On wheels"]} 
16.3.2023, 21:17:53 - INFO - Req was made 
16.3.2023, 21:17:53 - DEBUG -  
16.3.2023, 21:17:53 - DEBUG - Getting Toys | {"name":"","inStock":"all","labels":"all"} 
16.3.2023, 21:17:53 - DEBUG - criteria | {"name":{"$regex":"","$options":"i"}} 
16.3.2023, 21:17:53 - DEBUG - filterBy | {"name":"","inStock":"all","labels":"all"} 
16.3.2023, 21:17:54 - INFO - Req was made 
16.3.2023, 21:17:54 - DEBUG - ["Box game"] 
16.3.2023, 21:17:54 - DEBUG - Getting Toys | {"name":"","inStock":"all","labels":["Box game"]} 
16.3.2023, 21:17:54 - DEBUG - filterBy | {"name":"","inStock":"all","labels":["Box game"]} 
16.3.2023, 21:17:54 - DEBUG - criteria | {"name":{"$regex":"","$options":"i"},"labels":["Box game"]} 
16.3.2023, 21:17:58 - INFO - Req was made 
16.3.2023, 21:17:58 - DEBUG - ["On wheels","Box game"] 
16.3.2023, 21:17:58 - DEBUG - Getting Toys | {"name":"","inStock":"all","labels":["On wheels","Box game"]} 
16.3.2023, 21:17:58 - DEBUG - filterBy | {"name":"","inStock":"all","labels":["On wheels","Box game"]} 
16.3.2023, 21:17:58 - DEBUG - criteria | {"name":{"$regex":"","$options":"i"},"labels":["On wheels","Box game"]} 
16.3.2023, 21:18:04 - INFO - Req was made 
16.3.2023, 21:18:04 - DEBUG -  
16.3.2023, 21:18:04 - DEBUG - Getting Toys | {"name":"","inStock":"all","labels":"all"} 
16.3.2023, 21:18:04 - DEBUG - criteria | {"name":{"$regex":"","$options":"i"}} 
16.3.2023, 21:18:04 - DEBUG - filterBy | {"name":"","inStock":"all","labels":"all"} 
16.3.2023, 21:18:12 - INFO - Req was made 
16.3.2023, 21:18:12 - DEBUG -  
16.3.2023, 21:18:12 - DEBUG - Getting Toys | {"name":"","inStock":"all","labels":"all"} 
16.3.2023, 21:18:12 - DEBUG - criteria | {"name":{"$regex":"","$options":"i"}} 
16.3.2023, 21:18:12 - DEBUG - filterBy | {"name":"","inStock":"all","labels":"all"} 
16.3.2023, 21:18:24 - INFO - Req was made 
16.3.2023, 21:18:24 - DEBUG - ["On wheels"] 
16.3.2023, 21:18:24 - DEBUG - Getting Toys | {"name":"","inStock":"all","labels":["On wheels"]} 
16.3.2023, 21:18:24 - DEBUG - criteria | {"name":{"$regex":"","$options":"i"},"labels":["On wheels"]} 
16.3.2023, 21:18:24 - DEBUG - filterBy | {"name":"","inStock":"all","labels":["On wheels"]} 
16.3.2023, 21:18:25 - INFO - Req was made 
16.3.2023, 21:18:25 - DEBUG -  
16.3.2023, 21:18:25 - DEBUG - Getting Toys | {"name":"","inStock":"all","labels":"all"} 
16.3.2023, 21:18:25 - DEBUG - criteria | {"name":{"$regex":"","$options":"i"}} 
16.3.2023, 21:18:25 - DEBUG - filterBy | {"name":"","inStock":"all","labels":"all"} 
16.3.2023, 21:18:26 - INFO - Req was made 
16.3.2023, 21:18:26 - DEBUG - ["Box game"] 
16.3.2023, 21:18:26 - DEBUG - Getting Toys | {"name":"","inStock":"all","labels":["Box game"]} 
16.3.2023, 21:18:26 - DEBUG - criteria | {"name":{"$regex":"","$options":"i"},"labels":["Box game"]} 
16.3.2023, 21:18:26 - DEBUG - filterBy | {"name":"","inStock":"all","labels":["Box game"]} 
16.3.2023, 21:18:27 - INFO - Req was made 
16.3.2023, 21:18:27 - DEBUG - ["Art"] 
16.3.2023, 21:18:27 - DEBUG - Getting Toys | {"name":"","inStock":"all","labels":["Art"]} 
16.3.2023, 21:18:27 - DEBUG - criteria | {"name":{"$regex":"","$options":"i"},"labels":["Art"]} 
16.3.2023, 21:18:27 - DEBUG - filterBy | {"name":"","inStock":"all","labels":["Art"]} 
16.3.2023, 21:18:28 - INFO - Req was made 
16.3.2023, 21:18:28 - DEBUG - ["Baby"] 
16.3.2023, 21:18:28 - DEBUG - Getting Toys | {"name":"","inStock":"all","labels":["Baby"]} 
16.3.2023, 21:18:28 - DEBUG - criteria | {"name":{"$regex":"","$options":"i"},"labels":["Baby"]} 
16.3.2023, 21:18:28 - DEBUG - filterBy | {"name":"","inStock":"all","labels":["Baby"]} 
16.3.2023, 21:18:30 - INFO - Req was made 
16.3.2023, 21:18:30 - DEBUG - ["Doll"] 
16.3.2023, 21:18:30 - DEBUG - Getting Toys | {"name":"","inStock":"all","labels":["Doll"]} 
16.3.2023, 21:18:30 - DEBUG - criteria | {"name":{"$regex":"","$options":"i"},"labels":["Doll"]} 
16.3.2023, 21:18:30 - DEBUG - filterBy | {"name":"","inStock":"all","labels":["Doll"]} 
16.3.2023, 21:18:30 - INFO - Req was made 
16.3.2023, 21:18:30 - DEBUG - ["Puzzle"] 
16.3.2023, 21:18:30 - DEBUG - Getting Toys | {"name":"","inStock":"all","labels":["Puzzle"]} 
16.3.2023, 21:18:30 - DEBUG - criteria | {"name":{"$regex":"","$options":"i"},"labels":["Puzzle"]} 
16.3.2023, 21:18:30 - DEBUG - filterBy | {"name":"","inStock":"all","labels":["Puzzle"]} 
16.3.2023, 21:18:31 - INFO - Req was made 
16.3.2023, 21:18:31 - DEBUG - Getting Toys | {"name":"","inStock":"all","labels":["Outdoor"]} 
16.3.2023, 21:18:31 - DEBUG - ["Outdoor"] 
16.3.2023, 21:18:31 - DEBUG - filterBy | {"name":"","inStock":"all","labels":["Outdoor"]} 
16.3.2023, 21:18:31 - DEBUG - criteria | {"name":{"$regex":"","$options":"i"},"labels":["Outdoor"]} 
16.3.2023, 21:18:32 - INFO - Req was made 
16.3.2023, 21:18:32 - DEBUG -  
16.3.2023, 21:18:32 - DEBUG - Getting Toys | {"name":"","inStock":"all","labels":"all"} 
16.3.2023, 21:18:32 - DEBUG - criteria | {"name":{"$regex":"","$options":"i"}} 
16.3.2023, 21:18:32 - DEBUG - filterBy | {"name":"","inStock":"all","labels":"all"} 
16.3.2023, 21:19:48 - INFO - Hi | 90 | Bobo 
16.3.2023, 21:19:50 - INFO - Req was made 
16.3.2023, 21:19:50 - DEBUG -  
16.3.2023, 21:19:50 - DEBUG - Getting Toys | {"name":"","inStock":"all","labels":"all"} 
16.3.2023, 21:19:50 - DEBUG - filterBy | {"name":"","inStock":"all","labels":"all"} 
16.3.2023, 21:19:50 - DEBUG - criteria | {"name":{"$regex":"","$options":"i"}} 
16.3.2023, 21:19:54 - INFO - Req was made 
16.3.2023, 21:19:54 - DEBUG -  
16.3.2023, 21:19:54 - DEBUG - criteria | {"name":{"$regex":"","$options":"i"}} 
16.3.2023, 21:19:54 - DEBUG - Getting Toys | {"name":"","inStock":"all","labels":"all"} 
16.3.2023, 21:19:54 - DEBUG - filterBy | {"name":"","inStock":"all","labels":"all"} 
16.3.2023, 21:19:56 - INFO - Req was made 
16.3.2023, 21:19:56 - DEBUG - ["On wheels"] 
16.3.2023, 21:19:56 - DEBUG - Getting Toys | {"name":"","inStock":"all","labels":["On wheels"]} 
16.3.2023, 21:19:56 - DEBUG - filterBy | {"name":"","inStock":"all","labels":["On wheels"]} 
16.3.2023, 21:19:56 - DEBUG - criteria | {"name":{"$regex":"","$options":"i"},"labels":{"$all":["On wheels"]}} 
16.3.2023, 21:19:59 - INFO - Req was made 
16.3.2023, 21:19:59 - DEBUG - ["Box game"] 
16.3.2023, 21:19:59 - DEBUG - Getting Toys | {"name":"","inStock":"all","labels":["Box game"]} 
16.3.2023, 21:19:59 - DEBUG - criteria | {"name":{"$regex":"","$options":"i"},"labels":{"$all":["Box game"]}} 
16.3.2023, 21:19:59 - DEBUG - filterBy | {"name":"","inStock":"all","labels":["Box game"]} 
16.3.2023, 21:20:00 - INFO - Req was made 
16.3.2023, 21:20:00 - DEBUG - ["Box game","Art"] 
16.3.2023, 21:20:00 - DEBUG - Getting Toys | {"name":"","inStock":"all","labels":["Box game","Art"]} 
16.3.2023, 21:20:00 - DEBUG - filterBy | {"name":"","inStock":"all","labels":["Box game","Art"]} 
16.3.2023, 21:20:00 - DEBUG - criteria | {"name":{"$regex":"","$options":"i"},"labels":{"$all":["Box game","Art"]}} 
16.3.2023, 21:20:01 - INFO - Req was made 
16.3.2023, 21:20:01 - DEBUG - ["Art"] 
16.3.2023, 21:20:01 - DEBUG - Getting Toys | {"name":"","inStock":"all","labels":["Art"]} 
16.3.2023, 21:20:01 - DEBUG - criteria | {"name":{"$regex":"","$options":"i"},"labels":{"$all":["Art"]}} 
16.3.2023, 21:20:01 - DEBUG - filterBy | {"name":"","inStock":"all","labels":["Art"]} 
16.3.2023, 21:20:03 - INFO - Req was made 
16.3.2023, 21:20:03 - DEBUG - ["Art","Baby"] 
16.3.2023, 21:20:03 - DEBUG - criteria | {"name":{"$regex":"","$options":"i"},"labels":{"$all":["Art","Baby"]}} 
16.3.2023, 21:20:03 - DEBUG - Getting Toys | {"name":"","inStock":"all","labels":["Art","Baby"]} 
16.3.2023, 21:20:03 - DEBUG - filterBy | {"name":"","inStock":"all","labels":["Art","Baby"]} 
16.3.2023, 21:20:04 - INFO - Req was made 
16.3.2023, 21:20:04 - DEBUG - ["Art"] 
16.3.2023, 21:20:04 - DEBUG - Getting Toys | {"name":"","inStock":"all","labels":["Art"]} 
16.3.2023, 21:20:04 - DEBUG - criteria | {"name":{"$regex":"","$options":"i"},"labels":{"$all":["Art"]}} 
16.3.2023, 21:20:04 - DEBUG - filterBy | {"name":"","inStock":"all","labels":["Art"]} 
16.3.2023, 21:20:05 - INFO - Req was made 
16.3.2023, 21:20:05 - DEBUG - Getting Toys | {"name":"","inStock":"all","labels":["Baby"]} 
16.3.2023, 21:20:05 - DEBUG - ["Baby"] 
16.3.2023, 21:20:05 - DEBUG - filterBy | {"name":"","inStock":"all","labels":["Baby"]} 
16.3.2023, 21:20:05 - DEBUG - criteria | {"name":{"$regex":"","$options":"i"},"labels":{"$all":["Baby"]}} 
16.3.2023, 21:20:06 - INFO - Req was made 
16.3.2023, 21:20:06 - DEBUG - ["Baby","Doll"] 
16.3.2023, 21:20:06 - DEBUG - Getting Toys | {"name":"","inStock":"all","labels":["Baby","Doll"]} 
16.3.2023, 21:20:06 - DEBUG - criteria | {"name":{"$regex":"","$options":"i"},"labels":{"$all":["Baby","Doll"]}} 
16.3.2023, 21:20:06 - DEBUG - filterBy | {"name":"","inStock":"all","labels":["Baby","Doll"]} 
16.3.2023, 21:20:08 - INFO - Req was made 
16.3.2023, 21:20:08 - DEBUG - ["Baby"] 
16.3.2023, 21:20:08 - DEBUG - Getting Toys | {"name":"","inStock":"all","labels":["Baby"]} 
16.3.2023, 21:20:08 - DEBUG - filterBy | {"name":"","inStock":"all","labels":["Baby"]} 
16.3.2023, 21:20:08 - DEBUG - criteria | {"name":{"$regex":"","$options":"i"},"labels":{"$all":["Baby"]}} 
16.3.2023, 21:20:09 - INFO - Req was made 
16.3.2023, 21:20:09 - DEBUG - ["Puzzle"] 
16.3.2023, 21:20:09 - DEBUG - Getting Toys | {"name":"","inStock":"all","labels":["Puzzle"]} 
16.3.2023, 21:20:09 - DEBUG - criteria | {"name":{"$regex":"","$options":"i"},"labels":{"$all":["Puzzle"]}} 
16.3.2023, 21:20:09 - DEBUG - filterBy | {"name":"","inStock":"all","labels":["Puzzle"]} 
16.3.2023, 21:20:10 - INFO - Req was made 
16.3.2023, 21:20:10 - DEBUG - ["Doll","Puzzle"] 
16.3.2023, 21:20:10 - DEBUG - Getting Toys | {"name":"","inStock":"all","labels":["Doll","Puzzle"]} 
16.3.2023, 21:20:10 - DEBUG - filterBy | {"name":"","inStock":"all","labels":["Doll","Puzzle"]} 
16.3.2023, 21:20:10 - DEBUG - criteria | {"name":{"$regex":"","$options":"i"},"labels":{"$all":["Doll","Puzzle"]}} 
16.3.2023, 21:20:12 - INFO - Req was made 
16.3.2023, 21:20:12 - DEBUG - ["Puzzle"] 
16.3.2023, 21:20:12 - DEBUG - Getting Toys | {"name":"","inStock":"all","labels":["Puzzle"]} 
16.3.2023, 21:20:12 - DEBUG - criteria | {"name":{"$regex":"","$options":"i"},"labels":{"$all":["Puzzle"]}} 
16.3.2023, 21:20:12 - DEBUG - filterBy | {"name":"","inStock":"all","labels":["Puzzle"]} 
16.3.2023, 21:20:14 - INFO - Req was made 
16.3.2023, 21:20:14 - DEBUG - ["Doll","Puzzle"] 
16.3.2023, 21:20:14 - DEBUG - filterBy | {"name":"","inStock":"all","labels":["Doll","Puzzle"]} 
16.3.2023, 21:20:14 - DEBUG - criteria | {"name":{"$regex":"","$options":"i"},"labels":{"$all":["Doll","Puzzle"]}} 
16.3.2023, 21:20:14 - DEBUG - Getting Toys | {"name":"","inStock":"all","labels":["Doll","Puzzle"]} 
16.3.2023, 21:20:15 - INFO - Req was made 
16.3.2023, 21:20:15 - DEBUG -  
16.3.2023, 21:20:15 - DEBUG - Getting Toys | {"name":"","inStock":"all","labels":"all"} 
16.3.2023, 21:20:15 - DEBUG - filterBy | {"name":"","inStock":"all","labels":"all"} 
16.3.2023, 21:20:15 - DEBUG - criteria | {"name":{"$regex":"","$options":"i"}} 
16.3.2023, 21:24:12 - INFO - Req was made 
16.3.2023, 21:24:12 - DEBUG - ["On wheels"] 
16.3.2023, 21:24:12 - DEBUG - Getting Toys | {"name":"","inStock":"all","labels":["On wheels"]} 
16.3.2023, 21:24:12 - DEBUG - criteria | {"name":{"$regex":"","$options":"i"},"labels":{"$all":["On wheels"]}} 
16.3.2023, 21:24:12 - DEBUG - filterBy | {"name":"","inStock":"all","labels":["On wheels"]} 
16.3.2023, 21:24:13 - INFO - Req was made 
16.3.2023, 21:24:13 - DEBUG - ["On wheels","Outdoor"] 
16.3.2023, 21:24:13 - DEBUG - Getting Toys | {"name":"","inStock":"all","labels":["On wheels","Outdoor"]} 
16.3.2023, 21:24:13 - DEBUG - criteria | {"name":{"$regex":"","$options":"i"},"labels":{"$all":["On wheels","Outdoor"]}} 
16.3.2023, 21:24:13 - DEBUG - filterBy | {"name":"","inStock":"all","labels":["On wheels","Outdoor"]} 
16.3.2023, 21:24:15 - INFO - Req was made 
16.3.2023, 21:24:15 - DEBUG - ["On wheels"] 
16.3.2023, 21:24:15 - DEBUG - filterBy | {"name":"","inStock":"all","labels":["On wheels"]} 
16.3.2023, 21:24:15 - DEBUG - criteria | {"name":{"$regex":"","$options":"i"},"labels":{"$all":["On wheels"]}} 
16.3.2023, 21:24:15 - DEBUG - Getting Toys | {"name":"","inStock":"all","labels":["On wheels"]} 
16.3.2023, 21:24:22 - INFO - Req was made 
16.3.2023, 21:24:22 - DEBUG -  
16.3.2023, 21:24:22 - DEBUG - Getting Toys | {"name":"","inStock":"all","labels":"all"} 
16.3.2023, 21:24:22 - DEBUG - criteria | {"name":{"$regex":"","$options":"i"}} 
16.3.2023, 21:24:22 - DEBUG - filterBy | {"name":"","inStock":"all","labels":"all"} 
16.3.2023, 21:25:49 - INFO - Req was made 
16.3.2023, 21:25:49 - DEBUG -  
16.3.2023, 21:25:49 - DEBUG - Getting Toys | {"name":"","inStock":"all","labels":"all"} 
16.3.2023, 21:25:49 - DEBUG - filterBy | {"name":"","inStock":"all","labels":"all"} 
16.3.2023, 21:25:49 - DEBUG - criteria | {"name":{"$regex":"","$options":"i"}} 
16.3.2023, 21:25:50 - INFO - Req was made 
16.3.2023, 21:25:50 - DEBUG -  
16.3.2023, 21:25:50 - DEBUG - Getting Toys | {"name":"","inStock":"all","labels":"all"} 
16.3.2023, 21:25:50 - DEBUG - filterBy | {"name":"","inStock":"all","labels":"all"} 
16.3.2023, 21:25:50 - DEBUG - criteria | {"name":{"$regex":"","$options":"i"}} 
16.3.2023, 21:25:52 - INFO - Req was made 
16.3.2023, 21:25:52 - DEBUG -  
16.3.2023, 21:25:52 - DEBUG - Getting Toys | {"name":"","inStock":"all","labels":"all"} 
16.3.2023, 21:25:52 - DEBUG - criteria | {"name":{"$regex":"","$options":"i"}} 
16.3.2023, 21:25:52 - DEBUG - filterBy | {"name":"","inStock":"all","labels":"all"} 
16.3.2023, 21:25:53 - INFO - Req was made 
16.3.2023, 21:25:53 - DEBUG - Getting Toys | {"name":"","inStock":"true","labels":"all"} 
16.3.2023, 21:25:53 - DEBUG - criteria | {"name":{"$regex":"","$options":"i"},"inStock":true} 
16.3.2023, 21:25:53 - DEBUG -  
16.3.2023, 21:25:53 - DEBUG - filterBy | {"name":"","inStock":"true","labels":"all"} 
16.3.2023, 21:25:55 - INFO - Req was made 
16.3.2023, 21:25:55 - DEBUG -  
16.3.2023, 21:25:55 - DEBUG - Getting Toys | {"name":"","inStock":"all","labels":"all"} 
16.3.2023, 21:25:55 - DEBUG - criteria | {"name":{"$regex":"","$options":"i"}} 
16.3.2023, 21:25:55 - DEBUG - filterBy | {"name":"","inStock":"all","labels":"all"} 
16.3.2023, 21:25:57 - INFO - Req was made 
16.3.2023, 21:25:57 - DEBUG -  
16.3.2023, 21:25:57 - DEBUG - Getting Toys | {"name":"","inStock":"all","labels":"all"} 
16.3.2023, 21:25:57 - DEBUG - criteria | {"name":{"$regex":"","$options":"i"}} 
16.3.2023, 21:25:57 - DEBUG - filterBy | {"name":"","inStock":"all","labels":"all"} 
16.3.2023, 21:31:43 - INFO - Req was made 
16.3.2023, 21:31:43 - DEBUG -  
16.3.2023, 21:31:43 - DEBUG - criteria | {"name":{"$regex":"","$options":"i"}} 
16.3.2023, 21:31:43 - DEBUG - Getting Toys | {"name":"","inStock":"all","labels":"all"} 
16.3.2023, 21:31:43 - DEBUG - filterBy | {"name":"","inStock":"all","labels":"all"} 
16.3.2023, 21:33:14 - INFO - Req was made 
16.3.2023, 21:33:14 - DEBUG -  
16.3.2023, 21:33:14 - DEBUG - Getting Toys | {"name":"","inStock":"all","labels":"all"} 
16.3.2023, 21:33:14 - DEBUG - criteria | {"name":{"$regex":"","$options":"i"}} 
16.3.2023, 21:33:14 - DEBUG - filterBy | {"name":"","inStock":"all","labels":"all"} 
16.3.2023, 21:33:35 - DEBUG - toy | {"name":"Toy 11","price":72,"labels":["Puzzle","Puzzle"],"createdAt":"3/16/2023, 9:33:32 PM","inStock":true} 
16.3.2023, 21:33:35 - DEBUG - toy | {"name":"Toy 11","price":72,"labels":["Puzzle","Puzzle"],"createdAt":"3/16/2023, 9:33:32 PM","inStock":true} 
16.3.2023, 21:33:40 - INFO - Req was made 
16.3.2023, 21:33:40 - DEBUG -  
16.3.2023, 21:33:40 - DEBUG - criteria | {"name":{"$regex":"","$options":"i"}} 
16.3.2023, 21:33:40 - DEBUG - Getting Toys | {"name":"","inStock":"all","labels":"all"} 
16.3.2023, 21:33:40 - DEBUG - filterBy | {"name":"","inStock":"all","labels":"all"} 
16.3.2023, 21:34:48 - INFO - Req was made 
16.3.2023, 21:34:48 - DEBUG -  
16.3.2023, 21:34:48 - DEBUG - Getting Toys | {"name":"","inStock":"all","labels":"all"} 
16.3.2023, 21:34:48 - DEBUG - criteria | {"name":{"$regex":"","$options":"i"}} 
16.3.2023, 21:34:48 - DEBUG - filterBy | {"name":"","inStock":"all","labels":"all"} 
16.3.2023, 21:34:57 - INFO - Req was made 
16.3.2023, 21:34:57 - DEBUG -  
16.3.2023, 21:34:57 - DEBUG - Getting Toys | {"name":"","inStock":"all","labels":"all"} 
16.3.2023, 21:34:57 - DEBUG - criteria | {"name":{"$regex":"","$options":"i"}} 
16.3.2023, 21:34:57 - DEBUG - filterBy | {"name":"","inStock":"all","labels":"all"} 
16.3.2023, 21:35:00 - INFO - Req was made 
16.3.2023, 21:35:00 - DEBUG - ["Box game"] 
16.3.2023, 21:35:00 - DEBUG - Getting Toys | {"name":"","inStock":"all","labels":["Box game"]} 
16.3.2023, 21:35:00 - DEBUG - criteria | {"name":{"$regex":"","$options":"i"},"labels":{"$all":["Box game"]}} 
16.3.2023, 21:35:00 - DEBUG - filterBy | {"name":"","inStock":"all","labels":["Box game"]} 
16.3.2023, 21:35:02 - INFO - Req was made 
16.3.2023, 21:35:02 - DEBUG - ["On wheels","Box game"] 
16.3.2023, 21:35:02 - DEBUG - Getting Toys | {"name":"","inStock":"all","labels":["On wheels","Box game"]} 
16.3.2023, 21:35:02 - DEBUG - criteria | {"name":{"$regex":"","$options":"i"},"labels":{"$all":["On wheels","Box game"]}} 
16.3.2023, 21:35:02 - DEBUG - filterBy | {"name":"","inStock":"all","labels":["On wheels","Box game"]} 
16.3.2023, 21:35:04 - INFO - Req was made 
16.3.2023, 21:35:04 - DEBUG - ["Box game","Art"] 
16.3.2023, 21:35:04 - DEBUG - Getting Toys | {"name":"","inStock":"all","labels":["Box game","Art"]} 
16.3.2023, 21:35:04 - DEBUG - criteria | {"name":{"$regex":"","$options":"i"},"labels":{"$all":["Box game","Art"]}} 
16.3.2023, 21:35:04 - DEBUG - filterBy | {"name":"","inStock":"all","labels":["Box game","Art"]} 
16.3.2023, 21:35:05 - INFO - Req was made 
16.3.2023, 21:35:05 - DEBUG - ["Box game","Baby"] 
16.3.2023, 21:35:05 - DEBUG - Getting Toys | {"name":"","inStock":"all","labels":["Box game","Baby"]} 
16.3.2023, 21:35:05 - DEBUG - criteria | {"name":{"$regex":"","$options":"i"},"labels":{"$all":["Box game","Baby"]}} 
16.3.2023, 21:35:05 - DEBUG - filterBy | {"name":"","inStock":"all","labels":["Box game","Baby"]} 
16.3.2023, 21:35:06 - INFO - Req was made 
16.3.2023, 21:35:06 - DEBUG - ["Box game"] 
16.3.2023, 21:35:06 - DEBUG - Getting Toys | {"name":"","inStock":"all","labels":["Box game"]} 
16.3.2023, 21:35:06 - DEBUG - criteria | {"name":{"$regex":"","$options":"i"},"labels":{"$all":["Box game"]}} 
16.3.2023, 21:35:06 - DEBUG - filterBy | {"name":"","inStock":"all","labels":["Box game"]} 
16.3.2023, 21:35:08 - INFO - Req was made 
16.3.2023, 21:35:08 - DEBUG - ["Box game","Doll"] 
16.3.2023, 21:35:08 - DEBUG - Getting Toys | {"name":"","inStock":"all","labels":["Box game","Doll"]} 
16.3.2023, 21:35:08 - DEBUG - criteria | {"name":{"$regex":"","$options":"i"},"labels":{"$all":["Box game","Doll"]}} 
16.3.2023, 21:35:08 - DEBUG - filterBy | {"name":"","inStock":"all","labels":["Box game","Doll"]} 
16.3.2023, 21:35:10 - INFO - Req was made 
16.3.2023, 21:35:10 - DEBUG - ["Box game"] 
16.3.2023, 21:35:10 - DEBUG - criteria | {"name":{"$regex":"","$options":"i"},"labels":{"$all":["Box game"]}} 
16.3.2023, 21:35:10 - DEBUG - Getting Toys | {"name":"","inStock":"all","labels":["Box game"]} 
16.3.2023, 21:35:10 - DEBUG - filterBy | {"name":"","inStock":"all","labels":["Box game"]} 
16.3.2023, 21:35:10 - INFO - Req was made 
16.3.2023, 21:35:10 - DEBUG - ["On wheels","Box game"] 
16.3.2023, 21:35:10 - DEBUG - Getting Toys | {"name":"","inStock":"all","labels":["On wheels","Box game"]} 
16.3.2023, 21:35:10 - DEBUG - filterBy | {"name":"","inStock":"all","labels":["On wheels","Box game"]} 
16.3.2023, 21:35:10 - DEBUG - criteria | {"name":{"$regex":"","$options":"i"},"labels":{"$all":["On wheels","Box game"]}} 
16.3.2023, 21:35:12 - INFO - Req was made 
16.3.2023, 21:35:12 - DEBUG -  
16.3.2023, 21:35:12 - DEBUG - Getting Toys | {"name":"","inStock":"all","labels":"all"} 
16.3.2023, 21:35:12 - DEBUG - criteria | {"name":{"$regex":"","$options":"i"}} 
16.3.2023, 21:35:12 - DEBUG - filterBy | {"name":"","inStock":"all","labels":"all"} 
16.3.2023, 21:35:42 - INFO - Hi | 90 | Bobo 
16.3.2023, 21:37:06 - INFO - Req was made 
16.3.2023, 21:37:06 - DEBUG -  
16.3.2023, 21:37:06 - DEBUG - Getting Toys | {"name":"","inStock":"all","labels":"all"} 
16.3.2023, 21:37:06 - DEBUG - filterBy | {"name":"","inStock":"all","labels":"all"} 
16.3.2023, 21:37:06 - DEBUG - criteria | {"name":{"$regex":"","$options":"i"}} 
16.3.2023, 21:37:13 - INFO - Hi | 90 | Bobo 
16.3.2023, 21:37:16 - INFO - Req was made 
16.3.2023, 21:37:16 - DEBUG -  
16.3.2023, 21:37:16 - DEBUG - Getting Toys | {"name":"","inStock":"all","labels":"all"} 
16.3.2023, 21:37:16 - DEBUG - filterBy | {"name":"","inStock":"all","labels":"all"} 
16.3.2023, 21:37:16 - DEBUG - criteria | {"name":{"$regex":"","$options":"i"}} 
16.3.2023, 21:37:26 - INFO - Hi | 90 | Bobo 
16.3.2023, 21:37:31 - INFO - Req was made 
16.3.2023, 21:37:31 - DEBUG -  
16.3.2023, 21:37:31 - DEBUG - Getting Toys | {"name":"","inStock":"all","labels":"all"} 
16.3.2023, 21:37:31 - DEBUG - filterBy | {"name":"","inStock":"all","labels":"all"} 
16.3.2023, 21:37:31 - DEBUG - criteria | {"name":{"$regex":"","$options":"i"}} 
16.3.2023, 21:38:08 - INFO - Hi | 90 | Bobo 
16.3.2023, 21:38:10 - INFO - Req was made 
16.3.2023, 21:38:10 - DEBUG -  
16.3.2023, 21:38:10 - DEBUG - Getting Toys | {"name":"","inStock":"all","labels":"all"} 
16.3.2023, 21:38:10 - DEBUG - filterBy | {"name":"","inStock":"all","labels":"all"} 
16.3.2023, 21:38:10 - DEBUG - criteria | {"name":{"$regex":"","$options":"i"}} 
16.3.2023, 21:38:37 - INFO - Hi | 90 | Bobo 
16.3.2023, 21:38:38 - INFO - Req was made 
16.3.2023, 21:38:38 - DEBUG -  
16.3.2023, 21:38:38 - DEBUG - Getting Toys | {"name":"","inStock":"all","labels":"all"} 
16.3.2023, 21:38:38 - DEBUG - filterBy | {"name":"","inStock":"all","labels":"all"} 
16.3.2023, 21:38:38 - DEBUG - criteria | {"name":{"$regex":"","$options":"i"}} 
16.3.2023, 21:38:54 - INFO - Req was made 
16.3.2023, 21:38:54 - DEBUG -  
16.3.2023, 21:38:54 - DEBUG - criteria | {"name":{"$regex":"1","$options":"i"}} 
16.3.2023, 21:38:54 - DEBUG - Getting Toys | {"name":"1","inStock":"all","labels":"all"} 
16.3.2023, 21:38:54 - DEBUG - filterBy | {"name":"1","inStock":"all","labels":"all"} 
16.3.2023, 21:38:57 - INFO - Req was made 
16.3.2023, 21:38:57 - DEBUG -  
16.3.2023, 21:38:57 - DEBUG - Getting Toys | {"name":"","inStock":"all","labels":"all"} 
16.3.2023, 21:38:57 - DEBUG - criteria | {"name":{"$regex":"","$options":"i"}} 
16.3.2023, 21:38:57 - DEBUG - filterBy | {"name":"","inStock":"all","labels":"all"} 
16.3.2023, 21:39:02 - INFO - Req was made 
16.3.2023, 21:39:02 - DEBUG -  
16.3.2023, 21:39:02 - DEBUG - Getting Toys | {"name":"","inStock":"all","labels":"all"} 
16.3.2023, 21:39:02 - DEBUG - filterBy | {"name":"","inStock":"all","labels":"all"} 
16.3.2023, 21:39:02 - DEBUG - criteria | {"name":{"$regex":"","$options":"i"}} 
16.3.2023, 21:39:06 - INFO - Hi | 90 | Bobo 
16.3.2023, 21:39:14 - INFO - Req was made 
16.3.2023, 21:39:14 - DEBUG - Getting Toys | {"name":"","inStock":"all","labels":"all"} 
16.3.2023, 21:39:14 - DEBUG -  
16.3.2023, 21:39:14 - DEBUG - filterBy | {"name":"","inStock":"all","labels":"all"} 
16.3.2023, 21:39:14 - DEBUG - criteria | {"name":{"$regex":"","$options":"i"}} 
16.3.2023, 21:39:41 - INFO - Hi | 90 | Bobo 
16.3.2023, 21:39:46 - INFO - Hi | 90 | Bobo 
16.3.2023, 21:39:46 - INFO - Req was made 
16.3.2023, 21:39:46 - DEBUG - Getting Toys | {"name":"","inStock":"all","labels":"all"} 
16.3.2023, 21:39:46 - DEBUG - filterBy | {"name":"","inStock":"all","labels":"all"} 
16.3.2023, 21:39:46 - DEBUG -  
16.3.2023, 21:39:46 - DEBUG - criteria | {"name":{"$regex":"","$options":"i"}} 
16.3.2023, 21:40:23 - INFO - Req was made 
16.3.2023, 21:40:23 - DEBUG -  
16.3.2023, 21:40:23 - DEBUG - Getting Toys | {"name":"","inStock":"all","labels":"all"} 
16.3.2023, 21:40:23 - DEBUG - filterBy | {"name":"","inStock":"all","labels":"all"} 
16.3.2023, 21:40:23 - DEBUG - criteria | {"name":{"$regex":"","$options":"i"}} 
16.3.2023, 21:40:35 - INFO - Hi | 90 | Bobo 
16.3.2023, 21:40:36 - INFO - Req was made 
16.3.2023, 21:40:36 - DEBUG -  
16.3.2023, 21:40:36 - DEBUG - Getting Toys | {"name":"","inStock":"all","labels":"all"} 
16.3.2023, 21:40:36 - DEBUG - criteria | {"name":{"$regex":"","$options":"i"}} 
16.3.2023, 21:40:36 - DEBUG - filterBy | {"name":"","inStock":"all","labels":"all"} 
16.3.2023, 21:40:49 - INFO - Hi | 90 | Bobo 
16.3.2023, 21:40:50 - INFO - Req was made 
16.3.2023, 21:40:50 - DEBUG -  
16.3.2023, 21:40:50 - DEBUG - Getting Toys | {"name":"","inStock":"all","labels":"all"} 
16.3.2023, 21:40:50 - DEBUG - filterBy | {"name":"","inStock":"all","labels":"all"} 
16.3.2023, 21:40:50 - DEBUG - criteria | {"name":{"$regex":"","$options":"i"}} 
16.3.2023, 21:40:56 - INFO - Hi | 90 | Bobo 
16.3.2023, 21:40:56 - DEBUG -  
16.3.2023, 21:40:56 - INFO - Req was made 
16.3.2023, 21:40:56 - DEBUG - criteria | {"name":{"$regex":"","$options":"i"}} 
16.3.2023, 21:40:56 - DEBUG - Getting Toys | {"name":"","inStock":"all","labels":"all"} 
16.3.2023, 21:40:56 - DEBUG - filterBy | {"name":"","inStock":"all","labels":"all"} 
16.3.2023, 21:41:01 - INFO - Hi | 90 | Bobo 
16.3.2023, 21:41:02 - INFO - Req was made 
16.3.2023, 21:41:02 - DEBUG -  
16.3.2023, 21:41:02 - DEBUG - Getting Toys | {"name":"","inStock":"all","labels":"all"} 
16.3.2023, 21:41:02 - DEBUG - filterBy | {"name":"","inStock":"all","labels":"all"} 
16.3.2023, 21:41:02 - DEBUG - criteria | {"name":{"$regex":"","$options":"i"}} 
16.3.2023, 21:41:59 - DEBUG -  
16.3.2023, 21:41:59 - INFO - Req was made 
16.3.2023, 21:41:59 - DEBUG - Getting Toys | {"name":"","inStock":"all","labels":"all"} 
16.3.2023, 21:41:59 - DEBUG - filterBy | {"name":"","inStock":"all","labels":"all"} 
16.3.2023, 21:41:59 - DEBUG - criteria | {"name":{"$regex":"","$options":"i"}} 
16.3.2023, 21:43:24 - INFO - Req was made 
16.3.2023, 21:43:24 - DEBUG -  
16.3.2023, 21:43:24 - DEBUG - Getting Toys | {"name":"","inStock":"all","labels":"all"} 
16.3.2023, 21:43:24 - DEBUG - criteria | {"name":{"$regex":"","$options":"i"}} 
16.3.2023, 21:43:24 - DEBUG - filterBy | {"name":"","inStock":"all","labels":"all"} 
16.3.2023, 21:43:41 - INFO - Hi | 90 | Bobo 
16.3.2023, 21:43:42 - DEBUG -  
16.3.2023, 21:43:42 - INFO - Req was made 
16.3.2023, 21:43:42 - DEBUG - Getting Toys | {"name":"","inStock":"all","labels":"all"} 
16.3.2023, 21:43:42 - DEBUG - filterBy | {"name":"","inStock":"all","labels":"all"} 
16.3.2023, 21:43:42 - DEBUG - criteria | {"name":{"$regex":"","$options":"i"}} 
16.3.2023, 21:43:53 - INFO - Hi | 90 | Bobo 
16.3.2023, 21:43:54 - INFO - Req was made 
16.3.2023, 21:43:54 - DEBUG -  
16.3.2023, 21:43:54 - DEBUG - Getting Toys | {"name":"","inStock":"all","labels":"all"} 
16.3.2023, 21:43:54 - DEBUG - filterBy | {"name":"","inStock":"all","labels":"all"} 
16.3.2023, 21:43:54 - DEBUG - criteria | {"name":{"$regex":"","$options":"i"}} 
16.3.2023, 21:44:28 - INFO - Req was made 
16.3.2023, 21:44:28 - DEBUG -  
16.3.2023, 21:44:28 - DEBUG - criteria | {"name":{"$regex":"","$options":"i"}} 
16.3.2023, 21:44:28 - DEBUG - Getting Toys | {"name":"","inStock":"all","labels":"all"} 
16.3.2023, 21:44:28 - DEBUG - filterBy | {"name":"","inStock":"all","labels":"all"} 
16.3.2023, 21:46:34 - INFO - Hi | 90 | Bobo 
16.3.2023, 21:47:27 - INFO - Hi | 90 | Bobo 
16.3.2023, 21:47:29 - DEBUG -  
16.3.2023, 21:47:29 - INFO - Req was made 
16.3.2023, 21:47:29 - DEBUG - Getting Toys | {"name":"","inStock":"all","labels":"all","sortBy":"all"} 
16.3.2023, 21:47:29 - DEBUG - criteria | {"name":{"$regex":"","$options":"i"}} 
16.3.2023, 21:47:29 - DEBUG - filterBy | {"name":"","inStock":"all","labels":"all","sortBy":"all"} 
16.3.2023, 21:47:43 - INFO - Hi | 90 | Bobo 
16.3.2023, 21:47:44 - INFO - Req was made 
16.3.2023, 21:47:44 - DEBUG - sort |  
16.3.2023, 21:47:44 - DEBUG - Getting Toys | {"name":"","inStock":"all","labels":"all","sortBy":"all"} 
16.3.2023, 21:47:44 - DEBUG - filterBy | {"name":"","inStock":"all","labels":"all","sortBy":"all"} 
16.3.2023, 21:47:44 - DEBUG - criteria | {"name":{"$regex":"","$options":"i"}} 
16.3.2023, 21:47:48 - INFO - Req was made 
16.3.2023, 21:47:48 - DEBUG - sort | {"by":"price","desc":"1"} 
16.3.2023, 21:47:48 - DEBUG - Getting Toys | {"name":"","inStock":"all","labels":"all","sortBy":{"by":"price","desc":"1"}} 
16.3.2023, 21:47:48 - DEBUG - filterBy | {"name":"","inStock":"all","labels":"all","sortBy":{"by":"price","desc":"1"}} 
16.3.2023, 21:47:48 - DEBUG - criteria | {"name":{"$regex":"","$options":"i"}} 
16.3.2023, 21:47:52 - INFO - Req was made 
16.3.2023, 21:47:52 - DEBUG - sort | {"by":"","desc":"1"} 
16.3.2023, 21:47:52 - DEBUG - criteria | {"name":{"$regex":"","$options":"i"}} 
16.3.2023, 21:47:52 - DEBUG - Getting Toys | {"name":"","inStock":"all","labels":"all","sortBy":{"by":"","desc":"1"}} 
16.3.2023, 21:47:52 - DEBUG - filterBy | {"name":"","inStock":"all","labels":"all","sortBy":{"by":"","desc":"1"}} 
16.3.2023, 21:48:09 - INFO - Hi | 90 | Bobo 
16.3.2023, 21:48:11 - INFO - Req was made 
16.3.2023, 21:48:11 - DEBUG - sort |  
16.3.2023, 21:48:11 - DEBUG - Getting Toys | {"name":"","inStock":"all","labels":"all","sortBy":""} 
16.3.2023, 21:48:11 - DEBUG - filterBy | {"name":"","inStock":"all","labels":"all","sortBy":""} 
16.3.2023, 21:48:11 - DEBUG - criteria | {"name":{"$regex":"","$options":"i"}} 
16.3.2023, 21:48:22 - INFO - Req was made 
16.3.2023, 21:48:22 - DEBUG - sort | {"by":"price","desc":"1"} 
16.3.2023, 21:48:22 - DEBUG - Getting Toys | {"name":"","inStock":"all","labels":"all","sortBy":{"by":"price","desc":"1"}} 
16.3.2023, 21:48:22 - DEBUG - criteria | {"name":{"$regex":"","$options":"i"}} 
16.3.2023, 21:48:22 - DEBUG - filterBy | {"name":"","inStock":"all","labels":"all","sortBy":{"by":"price","desc":"1"}} 
16.3.2023, 21:48:23 - INFO - Req was made 
16.3.2023, 21:48:23 - DEBUG - sort | {"by":"","desc":"1"} 
16.3.2023, 21:48:23 - DEBUG - Getting Toys | {"name":"","inStock":"all","labels":"all","sortBy":{"by":"","desc":"1"}} 
16.3.2023, 21:48:23 - DEBUG - criteria | {"name":{"$regex":"","$options":"i"}} 
16.3.2023, 21:48:23 - DEBUG - filterBy | {"name":"","inStock":"all","labels":"all","sortBy":{"by":"","desc":"1"}} 
16.3.2023, 21:50:29 - INFO - Hi | 90 | Bobo 
16.3.2023, 21:50:30 - INFO - Req was made 
16.3.2023, 21:50:30 - DEBUG - sort |  
16.3.2023, 21:50:30 - DEBUG - Getting Toys | {"name":"","inStock":"all","labels":"all","sortBy":""} 
16.3.2023, 21:50:30 - ERROR - Failed to get toys | ReferenceError: sortBy is not defined 
16.3.2023, 21:50:30 - DEBUG - filterBy | {"name":"","inStock":"all","labels":"all","sortBy":""} 
16.3.2023, 21:50:44 - INFO - Req was made 
16.3.2023, 21:50:44 - DEBUG - sort |  
16.3.2023, 21:50:44 - DEBUG - Getting Toys | {"name":"","inStock":"all","labels":"all","sortBy":""} 
16.3.2023, 21:50:44 - ERROR - Failed to get toys | ReferenceError: sortBy is not defined 
16.3.2023, 21:50:44 - DEBUG - filterBy | {"name":"","inStock":"all","labels":"all","sortBy":""} 
16.3.2023, 21:51:06 - INFO - Hi | 90 | Bobo 
16.3.2023, 21:51:08 - INFO - Req was made 
16.3.2023, 21:51:08 - DEBUG - filterBy | {"name":"","inStock":"all","labels":"all","sortBy":""} 
16.3.2023, 21:51:08 - DEBUG - Getting Toys | {"name":"","inStock":"all","labels":"all","sortBy":""} 
16.3.2023, 21:51:08 - DEBUG - sort |  
16.3.2023, 21:51:08 - ERROR - Failed to get toys | ReferenceError: sortBy is not defined 
16.3.2023, 21:51:34 - INFO - Hi | 90 | Bobo 
16.3.2023, 21:51:35 - INFO - Req was made 
16.3.2023, 21:51:35 - DEBUG - filterBy | {"name":"","inStock":"all","labels":"all","sortBy":"hi"} 
16.3.2023, 21:51:35 - DEBUG - Getting Toys | {"name":"","inStock":"all","labels":"all","sortBy":"hi"} 
16.3.2023, 21:51:35 - ERROR - Failed to get toys | ReferenceError: sortBy is not defined 
16.3.2023, 21:51:35 - DEBUG - sort |  
16.3.2023, 21:52:05 - INFO - Hi | 90 | Bobo 
16.3.2023, 21:52:07 - INFO - Req was made 
16.3.2023, 21:52:07 - DEBUG - sort |  
16.3.2023, 21:52:07 - DEBUG - filterBy | {"name":"","inStock":"all","labels":"all","sortBy":"hi"} 
16.3.2023, 21:52:07 - DEBUG - labels |  
16.3.2023, 21:52:07 - DEBUG - Getting Toys | {"name":"","inStock":"all","labels":"all","sortBy":"hi"} 
16.3.2023, 21:52:07 - ERROR - Failed to get toys | ReferenceError: sortBy is not defined 
16.3.2023, 21:52:20 - INFO - Hi | 90 | Bobo 
16.3.2023, 21:52:20 - DEBUG - sort |  
16.3.2023, 21:52:20 - DEBUG - labels |  
16.3.2023, 21:52:20 - DEBUG - Getting Toys | {"name":"","inStock":"all","labels":"all","sortBy":""} 
16.3.2023, 21:52:20 - DEBUG - filterBy | {"name":"","inStock":"all","labels":"all","sortBy":""} 
16.3.2023, 21:52:20 - INFO - Req was made 
16.3.2023, 21:52:20 - ERROR - Failed to get toys | ReferenceError: sortBy is not defined 
16.3.2023, 21:52:25 - INFO - Hi | 90 | Bobo 
16.3.2023, 21:52:25 - INFO - Req was made 
16.3.2023, 21:52:25 - DEBUG - Getting Toys | {"name":"","inStock":"all","labels":"all"} 
16.3.2023, 21:52:25 - DEBUG - labels |  
16.3.2023, 21:52:25 - DEBUG - filterBy | {"name":"","inStock":"all","labels":"all"} 
16.3.2023, 21:52:25 - DEBUG - sort |  
16.3.2023, 21:52:25 - ERROR - Failed to get toys | ReferenceError: sortBy is not defined 
16.3.2023, 21:52:33 - INFO - Hi | 90 | Bobo 
16.3.2023, 21:52:34 - INFO - Req was made 
16.3.2023, 21:52:34 - DEBUG - labels |  
16.3.2023, 21:52:34 - DEBUG - Getting Toys | {"name":"","inStock":"all","labels":"all"} 
16.3.2023, 21:52:34 - DEBUG - filterBy | {"name":"","inStock":"all","labels":"all"} 
16.3.2023, 21:52:34 - ERROR - Failed to get toys | ReferenceError: sortBy is not defined 
16.3.2023, 21:52:42 - INFO - Hi | 90 | Bobo 
16.3.2023, 21:52:43 - DEBUG - labels |  
16.3.2023, 21:52:43 - DEBUG - Getting Toys | {"name":"","inStock":"all","labels":"all"} 
16.3.2023, 21:52:43 - DEBUG - criteria | {"name":{"$regex":"","$options":"i"}} 
16.3.2023, 21:52:43 - DEBUG - filterBy | {"name":"","inStock":"all","labels":"all"} 
16.3.2023, 21:52:43 - INFO - Req was made 
16.3.2023, 21:52:47 - INFO - Hi | 90 | Bobo 
16.3.2023, 21:52:49 - INFO - Req was made 
16.3.2023, 21:52:49 - DEBUG - Getting Toys | {"name":"","inStock":"all","labels":"all","sortBy":""} 
16.3.2023, 21:52:49 - DEBUG - filterBy | {"name":"","inStock":"all","labels":"all","sortBy":""} 
16.3.2023, 21:52:49 - DEBUG - sort |  
16.3.2023, 21:52:49 - DEBUG - labels |  
16.3.2023, 21:52:49 - DEBUG - criteria | {"name":{"$regex":"","$options":"i"}} 
16.3.2023, 21:53:10 - INFO - Hi | 90 | Bobo 
16.3.2023, 21:53:11 - INFO - Req was made 
16.3.2023, 21:53:11 - DEBUG - sort |  
16.3.2023, 21:53:11 - DEBUG - filterBy | {"name":"","inStock":"all","labels":"all","sortBy":""} 
16.3.2023, 21:53:11 - DEBUG - labels |  
16.3.2023, 21:53:11 - DEBUG - Getting Toys | {"name":"","inStock":"all","labels":"all","sortBy":""} 
16.3.2023, 21:53:11 - DEBUG - criteria | {"name":{"$regex":"","$options":"i"}} 
16.3.2023, 21:53:11 - DEBUG - sorting 
16.3.2023, 21:53:49 - INFO - Hi | 90 | Bobo 
16.3.2023, 21:53:49 - INFO - Req was made 
16.3.2023, 21:53:49 - DEBUG - sort |  
16.3.2023, 21:53:49 - DEBUG - labels |  
16.3.2023, 21:53:49 - DEBUG - Getting Toys | {"name":"","inStock":"all","labels":"all","sortBy":""} 
16.3.2023, 21:53:49 - DEBUG - filterBy | {"name":"","inStock":"all","labels":"all","sortBy":""} 
16.3.2023, 21:53:49 - DEBUG - criteria | {"name":{"$regex":"","$options":"i"}} 
16.3.2023, 21:53:49 - DEBUG - sorting 
16.3.2023, 21:53:54 - INFO - Req was made 
16.3.2023, 21:53:54 - DEBUG - sort |  
16.3.2023, 21:53:54 - DEBUG - labels |  
16.3.2023, 21:53:54 - DEBUG - filterBy | {"name":"","inStock":"all","labels":"all","sortBy":""} 
16.3.2023, 21:53:54 - DEBUG - Getting Toys | {"name":"","inStock":"all","labels":"all","sortBy":""} 
16.3.2023, 21:53:54 - DEBUG - sorting 
16.3.2023, 21:53:54 - DEBUG - criteria | {"name":{"$regex":"","$options":"i"}} 
16.3.2023, 21:54:07 - INFO - Hi | 90 | Bobo 
16.3.2023, 21:54:08 - INFO - Req was made 
16.3.2023, 21:54:08 - DEBUG - sort |  
16.3.2023, 21:54:08 - DEBUG - filterBy | {"name":"","inStock":"all","labels":"all","sortBy":""} 
16.3.2023, 21:54:08 - DEBUG - labels |  
16.3.2023, 21:54:08 - DEBUG - Getting Toys | {"name":"","inStock":"all","labels":"all","sortBy":""} 
16.3.2023, 21:54:08 - DEBUG - criteria | {"name":{"$regex":"","$options":"i"}} 
16.3.2023, 21:54:14 - INFO - Req was made 
16.3.2023, 21:54:14 - DEBUG - sort | {"by":"price","desc":"1"} 
16.3.2023, 21:54:14 - DEBUG - labels |  
16.3.2023, 21:54:14 - DEBUG - filterBy | {"name":"","inStock":"all","labels":"all","sortBy":{"by":"price","desc":"1"}} 
16.3.2023, 21:54:14 - DEBUG - Getting Toys | {"name":"","inStock":"all","labels":"all","sortBy":{"by":"price","desc":"1"}} 
16.3.2023, 21:54:14 - DEBUG - criteria | {"name":{"$regex":"","$options":"i"}} 
16.3.2023, 21:54:14 - DEBUG - sorting 
16.3.2023, 21:54:17 - INFO - Req was made 
16.3.2023, 21:54:17 - DEBUG - sort | {"by":"","desc":"1"} 
16.3.2023, 21:54:17 - DEBUG - labels |  
16.3.2023, 21:54:17 - DEBUG - filterBy | {"name":"","inStock":"all","labels":"all","sortBy":{"by":"","desc":"1"}} 
16.3.2023, 21:54:17 - DEBUG - Getting Toys | {"name":"","inStock":"all","labels":"all","sortBy":{"by":"","desc":"1"}} 
16.3.2023, 21:54:17 - DEBUG - sorting 
16.3.2023, 21:54:17 - DEBUG - criteria | {"name":{"$regex":"","$options":"i"}} 
16.3.2023, 21:54:48 - INFO - Hi | 90 | Bobo 
16.3.2023, 21:54:49 - INFO - Req was made 
16.3.2023, 21:54:49 - DEBUG - labels |  
16.3.2023, 21:54:49 - DEBUG - sort |  
16.3.2023, 21:54:49 - DEBUG - filterBy | {"name":"","inStock":"all","labels":"all","sortBy":""} 
16.3.2023, 21:54:49 - DEBUG - Getting Toys | {"name":"","inStock":"all","labels":"all","sortBy":""} 
16.3.2023, 21:54:49 - DEBUG - criteria | {"name":{"$regex":"","$options":"i"}} 
16.3.2023, 21:54:49 - DEBUG - sorting 
16.3.2023, 21:54:58 - INFO - Req was made 
16.3.2023, 21:54:58 - DEBUG - sort |  
16.3.2023, 21:54:58 - DEBUG - labels |  
16.3.2023, 21:54:58 - DEBUG - filterBy | {"name":"","inStock":"all","labels":"all","sortBy":""} 
16.3.2023, 21:54:58 - DEBUG - sorting 
16.3.2023, 21:54:58 - DEBUG - Getting Toys | {"name":"","inStock":"all","labels":"all","sortBy":""} 
16.3.2023, 21:54:58 - DEBUG - criteria | {"name":{"$regex":"","$options":"i"}} 
16.3.2023, 21:55:01 - INFO - Hi | 90 | Bobo 
16.3.2023, 21:55:02 - INFO - Req was made 
16.3.2023, 21:55:02 - DEBUG - Getting Toys | {"name":"","inStock":"all","labels":"all","sortBy":""} 
16.3.2023, 21:55:02 - DEBUG - sort |  
16.3.2023, 21:55:02 - DEBUG - labels |  
16.3.2023, 21:55:02 - DEBUG - filterBy | {"name":"","inStock":"all","labels":"all","sortBy":""} 
16.3.2023, 21:55:02 - DEBUG - criteria | {"name":{"$regex":"","$options":"i"}} 
16.3.2023, 21:55:02 - DEBUG - sorting 
16.3.2023, 21:55:29 - INFO - Hi | 90 | Bobo 
16.3.2023, 21:55:30 - INFO - Req was made 
16.3.2023, 21:55:30 - DEBUG - sort |  
16.3.2023, 21:55:30 - DEBUG - labels |  
16.3.2023, 21:55:30 - DEBUG - Getting Toys | {"name":"","inStock":"all","labels":"all","sortBy":""} 
16.3.2023, 21:55:30 - DEBUG - filterBy | {"name":"","inStock":"all","labels":"all","sortBy":""} 
16.3.2023, 21:55:30 - DEBUG - filterBy.sortBy |  
16.3.2023, 21:55:30 - DEBUG - filterBy.sortBy.by |  
16.3.2023, 21:55:30 - DEBUG - criteria | {"name":{"$regex":"","$options":"i"}} 
16.3.2023, 21:55:30 - DEBUG - sorting 
16.3.2023, 21:57:04 - INFO - Req was made 
16.3.2023, 21:57:04 - DEBUG - sort | {"by":"price","desc":"1"} 
16.3.2023, 21:57:04 - DEBUG - labels |  
16.3.2023, 21:57:04 - DEBUG - filterBy | {"name":"","inStock":"all","labels":"all","sortBy":{"by":"price","desc":"1"}} 
16.3.2023, 21:57:04 - DEBUG - Getting Toys | {"name":"","inStock":"all","labels":"all","sortBy":{"by":"price","desc":"1"}} 
16.3.2023, 21:57:04 - DEBUG - filterBy.sortBy | {"by":"price","desc":"1"} 
16.3.2023, 21:57:04 - DEBUG - filterBy.sortBy.by | price 
16.3.2023, 21:57:04 - DEBUG - sorting 
16.3.2023, 21:57:04 - DEBUG - criteria | {"name":{"$regex":"","$options":"i"}} 
16.3.2023, 21:57:14 - INFO - Req was made 
16.3.2023, 21:57:14 - DEBUG - sort | {"by":"","desc":"1"} 
16.3.2023, 21:57:14 - DEBUG - labels |  
16.3.2023, 21:57:14 - DEBUG - Getting Toys | {"name":"","inStock":"all","labels":"all","sortBy":{"by":"","desc":"1"}} 
16.3.2023, 21:57:14 - DEBUG - filterBy.sortBy.by |  
16.3.2023, 21:57:14 - DEBUG - filterBy.sortBy | {"by":"","desc":"1"} 
16.3.2023, 21:57:14 - DEBUG - filterBy | {"name":"","inStock":"all","labels":"all","sortBy":{"by":"","desc":"1"}} 
16.3.2023, 21:57:14 - DEBUG - sorting 
16.3.2023, 21:57:14 - DEBUG - criteria | {"name":{"$regex":"","$options":"i"}} 
16.3.2023, 21:57:34 - INFO - Hi | 90 | Bobo 
16.3.2023, 21:57:35 - INFO - Req was made 
16.3.2023, 21:57:35 - DEBUG - Getting Toys | {"name":"","inStock":"all","labels":"all","sortBy":""} 
16.3.2023, 21:57:35 - DEBUG - sort |  
16.3.2023, 21:57:35 - DEBUG - labels |  
16.3.2023, 21:57:35 - DEBUG - filterBy | {"name":"","inStock":"all","labels":"all","sortBy":""} 
16.3.2023, 21:57:35 - DEBUG - sorting 
16.3.2023, 21:57:35 - DEBUG - filterBy.sortBy |  
16.3.2023, 21:57:35 - DEBUG - filterBy.sortBy.by |  
16.3.2023, 21:57:35 - DEBUG - criteria | {"name":{"$regex":"","$options":"i"}} 
16.3.2023, 21:57:37 - INFO - Req was made 
16.3.2023, 21:57:37 - DEBUG - sort | {"by":"price","desc":"1"} 
16.3.2023, 21:57:37 - DEBUG - labels |  
16.3.2023, 21:57:37 - DEBUG - filterBy | {"name":"","inStock":"all","labels":"all","sortBy":{"by":"price","desc":"1"}} 
16.3.2023, 21:57:37 - DEBUG - Getting Toys | {"name":"","inStock":"all","labels":"all","sortBy":{"by":"price","desc":"1"}} 
16.3.2023, 21:57:37 - DEBUG - filterBy.sortBy.by | price 
16.3.2023, 21:57:37 - DEBUG - filterBy.sortBy | {"by":"price","desc":"1"} 
16.3.2023, 21:57:37 - DEBUG - sorting 
16.3.2023, 21:57:37 - DEBUG - criteria | {"name":{"$regex":"","$options":"i"}} 
16.3.2023, 21:57:40 - INFO - Req was made 
16.3.2023, 21:57:40 - DEBUG - sort | {"by":"","desc":"1"} 
16.3.2023, 21:57:40 - DEBUG - labels |  
16.3.2023, 21:57:40 - DEBUG - filterBy | {"name":"","inStock":"all","labels":"all","sortBy":{"by":"","desc":"1"}} 
16.3.2023, 21:57:40 - DEBUG - Getting Toys | {"name":"","inStock":"all","labels":"all","sortBy":{"by":"","desc":"1"}} 
16.3.2023, 21:57:40 - DEBUG - filterBy.sortBy | {"by":"","desc":"1"} 
16.3.2023, 21:57:40 - DEBUG - criteria | {"name":{"$regex":"","$options":"i"}} 
16.3.2023, 21:57:40 - DEBUG - filterBy.sortBy.by |  
16.3.2023, 21:57:40 - DEBUG - sorting 
16.3.2023, 21:58:11 - INFO - Hi | 90 | Bobo 
16.3.2023, 21:58:12 - INFO - Req was made 
16.3.2023, 21:58:12 - DEBUG - sort |  
16.3.2023, 21:58:12 - DEBUG - labels |  
16.3.2023, 21:58:12 - DEBUG - Getting Toys | {"name":"","inStock":"all","labels":"all","sortBy":""} 
16.3.2023, 21:58:12 - DEBUG - filterBy.sortBy |  
16.3.2023, 21:58:12 - DEBUG - filterBy.sortBy.by |  
16.3.2023, 21:58:12 - DEBUG - filterBy | {"name":"","inStock":"all","labels":"all","sortBy":""} 
16.3.2023, 21:58:12 - DEBUG - sorting 
16.3.2023, 21:58:12 - DEBUG - criteria | {"name":{"$regex":"","$options":"i"}} 
16.3.2023, 21:58:16 - DEBUG - sort | {"by":"price","desc":"1"} 
16.3.2023, 21:58:16 - INFO - Req was made 
16.3.2023, 21:58:16 - DEBUG - filterBy.sortBy | {"by":"price","desc":"1"} 
16.3.2023, 21:58:16 - DEBUG - filterBy | {"name":"","inStock":"all","labels":"all","sortBy":{"by":"price","desc":"1"}} 
16.3.2023, 21:58:16 - DEBUG - labels |  
16.3.2023, 21:58:16 - DEBUG - Getting Toys | {"name":"","inStock":"all","labels":"all","sortBy":{"by":"price","desc":"1"}} 
16.3.2023, 21:58:16 - DEBUG - filterBy.sortBy.by | price 
16.3.2023, 21:58:16 - DEBUG - sorting 
16.3.2023, 21:58:16 - DEBUG - criteria | {"name":{"$regex":"","$options":"i"}} 
16.3.2023, 21:58:17 - INFO - Req was made 
16.3.2023, 21:58:17 - DEBUG - sort | {"by":"","desc":"1"} 
16.3.2023, 21:58:17 - DEBUG - filterBy | {"name":"","inStock":"all","labels":"all","sortBy":{"by":"","desc":"1"}} 
16.3.2023, 21:58:17 - DEBUG - labels |  
16.3.2023, 21:58:17 - DEBUG - Getting Toys | {"name":"","inStock":"all","labels":"all","sortBy":{"by":"","desc":"1"}} 
16.3.2023, 21:58:17 - DEBUG - filterBy.sortBy.by |  
16.3.2023, 21:58:17 - DEBUG - filterBy.sortBy | {"by":"","desc":"1"} 
16.3.2023, 21:58:17 - DEBUG - criteria | {"name":{"$regex":"","$options":"i"}} 
16.3.2023, 21:58:17 - DEBUG - sorting 
16.3.2023, 21:58:36 - INFO - Hi | 90 | Bobo 
16.3.2023, 21:58:41 - INFO - Hi | 90 | Bobo 
16.3.2023, 21:58:42 - INFO - Req was made 
16.3.2023, 21:58:42 - DEBUG - sort |  
16.3.2023, 21:58:42 - DEBUG - Getting Toys | {"name":"","inStock":"all","labels":"all","sortBy":""} 
16.3.2023, 21:58:42 - DEBUG - filterBy | {"name":"","inStock":"all","labels":"all","sortBy":""} 
16.3.2023, 21:58:42 - DEBUG - filterBy.sortBy |  
16.3.2023, 21:58:42 - DEBUG - filterBy.sortBy.by |  
16.3.2023, 21:58:42 - DEBUG - sorting 
16.3.2023, 21:59:16 - INFO - Hi | 90 | Bobo 
16.3.2023, 21:59:17 - INFO - Req was made 
16.3.2023, 21:59:17 - DEBUG - sort |  
16.3.2023, 21:59:17 - DEBUG - Getting Toys | {"name":"","inStock":"all","labels":"all","sortBy":""} 
16.3.2023, 21:59:17 - DEBUG - filterBy.sortBy |  
16.3.2023, 21:59:17 - DEBUG - filterBy | {"name":"","inStock":"all","labels":"all","sortBy":""} 
16.3.2023, 21:59:17 - DEBUG - sorting 
16.3.2023, 21:59:17 - DEBUG - filterBy.sortBy.by |  
16.3.2023, 21:59:27 - INFO - Hi | 90 | Bobo 
16.3.2023, 21:59:28 - INFO - Req was made 
16.3.2023, 21:59:28 - DEBUG - sort |  
16.3.2023, 21:59:28 - DEBUG - Getting Toys | {"name":"","inStock":"all","labels":"all","sortBy":""} 
16.3.2023, 21:59:28 - DEBUG - filterBy | {"name":"","inStock":"all","labels":"all","sortBy":""} 
16.3.2023, 21:59:28 - DEBUG - sorting 
16.3.2023, 21:59:50 - INFO - Hi | 90 | Bobo 
16.3.2023, 21:59:51 - INFO - Req was made 
16.3.2023, 21:59:51 - DEBUG - filterBy | {"name":"","inStock":"all","labels":"all","sortBy":""} 
16.3.2023, 21:59:51 - DEBUG - sorting 
16.3.2023, 21:59:51 - DEBUG - sort |  
16.3.2023, 22:00:12 - INFO - Hi | 90 | Bobo 
16.3.2023, 22:00:14 - INFO - Req was made 
16.3.2023, 22:00:14 - DEBUG - sort |  
16.3.2023, 22:00:14 - DEBUG - filterBy | {"name":"","inStock":"all","labels":"all","sortBy":""} 
16.3.2023, 22:00:14 - DEBUG - sorting 
16.3.2023, 22:00:58 - INFO - Hi | 90 | Bobo 
16.3.2023, 22:00:59 - INFO - Req was made 
16.3.2023, 22:00:59 - DEBUG - sort |  
16.3.2023, 22:00:59 - DEBUG - filterBy | {"name":"","inStock":"all","labels":"all","sortBy":"all"} 
16.3.2023, 22:00:59 - DEBUG - sorting 
16.3.2023, 22:01:06 - INFO - Hi | 90 | Bobo 
16.3.2023, 22:01:07 - INFO - Req was made 
16.3.2023, 22:01:07 - DEBUG - filterBy | {"name":"","inStock":"all","labels":"all","sortBy":"all"} 
16.3.2023, 22:01:07 - DEBUG - sort |  
16.3.2023, 22:01:17 - INFO - Req was made 
16.3.2023, 22:01:17 - DEBUG - sort | {"by":"price","desc":"1"} 
16.3.2023, 22:01:17 - DEBUG - filterBy | {"name":"","inStock":"all","labels":"all","sortBy":{"by":"price","desc":"1"}} 
16.3.2023, 22:01:17 - DEBUG - sorting 
16.3.2023, 22:01:21 - INFO - Req was made 
16.3.2023, 22:01:21 - DEBUG - sort | {"by":"","desc":"1"} 
16.3.2023, 22:01:21 - DEBUG - filterBy | {"name":"","inStock":"all","labels":"all","sortBy":{"by":"","desc":"1"}} 
16.3.2023, 22:01:21 - DEBUG - sorting 
16.3.2023, 22:02:29 - INFO - Hi | 90 | Bobo 
16.3.2023, 22:02:31 - INFO - Req was made 
16.3.2023, 22:02:31 - DEBUG - sort |  
16.3.2023, 22:02:31 - DEBUG - filterBy | {"name":"","inStock":"all","labels":"all","sortBy":"all"} 
16.3.2023, 22:02:31 - DEBUG - sorting 
16.3.2023, 22:02:38 - INFO - Hi | 90 | Bobo 
16.3.2023, 22:02:39 - INFO - Req was made 
16.3.2023, 22:02:39 - DEBUG - filterBy | {"name":"","inStock":"all","labels":"all","sortBy":"all"} 
16.3.2023, 22:02:39 - DEBUG - sort |  
16.3.2023, 22:02:44 - INFO - Hi | 90 | Bobo 
16.3.2023, 22:02:45 - INFO - Req was made 
16.3.2023, 22:02:45 - DEBUG - sort |  
16.3.2023, 22:02:45 - DEBUG - filterBy | {"name":"","inStock":"all","labels":"all","sortBy":"all"} 
16.3.2023, 22:02:45 - DEBUG - sorting 
16.3.2023, 22:06:26 - INFO - Hi | 90 | Bobo 
16.3.2023, 22:06:28 - INFO - Req was made 
16.3.2023, 22:06:28 - DEBUG - sort |  
16.3.2023, 22:06:28 - DEBUG - filterBy | {"name":"","inStock":"all","labels":"all","sortBy":"all"} 
16.3.2023, 22:06:28 - ERROR - cannot find toys | MongoInvalidArgumentError: Invalid sort direction: {"sort":1} 
16.3.2023, 22:06:28 - ERROR - Failed to get toys | MongoInvalidArgumentError: Invalid sort direction: {"sort":1} 
16.3.2023, 22:07:09 - INFO - Req was made 
16.3.2023, 22:07:09 - DEBUG - sort |  
16.3.2023, 22:07:09 - DEBUG - filterBy | {"name":"","inStock":"all","labels":"all","sortBy":"all"} 
16.3.2023, 22:07:09 - ERROR - cannot find toys | MongoInvalidArgumentError: Invalid sort direction: {"sort":1} 
16.3.2023, 22:07:09 - ERROR - Failed to get toys | MongoInvalidArgumentError: Invalid sort direction: {"sort":1} 
16.3.2023, 22:07:14 - INFO - Hi | 90 | Bobo 
16.3.2023, 22:07:15 - INFO - Req was made 
16.3.2023, 22:07:15 - DEBUG - filterBy | {"name":"","inStock":"all","labels":"all","sortBy":"all"} 
16.3.2023, 22:07:15 - DEBUG - sort |  
16.3.2023, 22:07:15 - ERROR - cannot find toys | MongoInvalidArgumentError: Invalid sort direction: {"sort":1} 
16.3.2023, 22:07:15 - ERROR - Failed to get toys | MongoInvalidArgumentError: Invalid sort direction: {"sort":1} 
16.3.2023, 22:07:20 - INFO - Hi | 90 | Bobo 
16.3.2023, 22:07:20 - INFO - Req was made 
16.3.2023, 22:07:20 - DEBUG - filterBy | {"name":"","inStock":"all","labels":"all","sortBy":"all"} 
16.3.2023, 22:07:20 - DEBUG - sort |  
16.3.2023, 22:07:20 - ERROR - cannot find toys | ReferenceError: sortCriteria is not defined 
16.3.2023, 22:07:20 - ERROR - Failed to get toys | ReferenceError: sortCriteria is not defined 
16.3.2023, 22:09:36 - INFO - Hi | 90 | Bobo 
16.3.2023, 22:09:37 - INFO - Req was made 
16.3.2023, 22:09:37 - DEBUG - sort |  
16.3.2023, 22:09:37 - DEBUG - sortBy | all 
16.3.2023, 22:10:48 - INFO - Hi | 90 | Bobo 
16.3.2023, 22:10:50 - INFO - Req was made 
16.3.2023, 22:10:50 - DEBUG - sort |  
16.3.2023, 22:10:50 - DEBUG - sortBy | all 
16.3.2023, 22:10:50 - ERROR - cannot find toys | MongoInvalidArgumentError: Invalid sort direction: {"null":1} 
16.3.2023, 22:10:50 - ERROR - Failed to get toys | MongoInvalidArgumentError: Invalid sort direction: {"null":1} 
16.3.2023, 22:10:58 - INFO - Hi | 90 | Bobo 
16.3.2023, 22:10:59 - INFO - Req was made 
16.3.2023, 22:10:59 - DEBUG - sortBy | all 
16.3.2023, 22:10:59 - DEBUG - sort |  
16.3.2023, 22:10:59 - ERROR - cannot find toys | MongoInvalidArgumentError: Invalid sort direction: {"all":1} 
16.3.2023, 22:10:59 - ERROR - Failed to get toys | MongoInvalidArgumentError: Invalid sort direction: {"all":1} 
16.3.2023, 22:11:29 - INFO - Hi | 90 | Bobo 
16.3.2023, 22:11:30 - INFO - Req was made 
16.3.2023, 22:11:30 - DEBUG - sort |  
16.3.2023, 22:11:30 - DEBUG - sortBy | all 
16.3.2023, 22:11:30 - DEBUG - sortCriteria | {"all":1} 
16.3.2023, 22:11:30 - ERROR - cannot find toys | MongoInvalidArgumentError: Invalid sort direction: {"all":1} 
16.3.2023, 22:11:30 - ERROR - Failed to get toys | MongoInvalidArgumentError: Invalid sort direction: {"all":1} 
16.3.2023, 22:11:45 - INFO - Hi | 90 | Bobo 
16.3.2023, 22:11:45 - INFO - Req was made 
16.3.2023, 22:11:45 - DEBUG - sortBy | all 
16.3.2023, 22:11:45 - DEBUG - sortCriteria | {"name":1} 
16.3.2023, 22:11:45 - DEBUG - sort |  
16.3.2023, 22:11:45 - ERROR - cannot find toys | MongoInvalidArgumentError: Invalid sort direction: {"name":1} 
16.3.2023, 22:11:45 - ERROR - Failed to get toys | MongoInvalidArgumentError: Invalid sort direction: {"name":1} 
16.3.2023, 22:11:53 - INFO - Hi | 90 | Bobo 
16.3.2023, 22:11:56 - INFO - Req was made 
16.3.2023, 22:11:56 - DEBUG - sort |  
16.3.2023, 22:11:56 - DEBUG - sortBy | all 
16.3.2023, 22:11:56 - DEBUG - sortCriteria | {"_id":1} 
16.3.2023, 22:11:56 - ERROR - cannot find toys | MongoInvalidArgumentError: Invalid sort direction: {"_id":1} 
16.3.2023, 22:11:56 - ERROR - Failed to get toys | MongoInvalidArgumentError: Invalid sort direction: {"_id":1} 
16.3.2023, 22:12:48 - INFO - Hi | 90 | Bobo 
16.3.2023, 22:12:50 - INFO - Req was made 
16.3.2023, 22:12:50 - DEBUG - sort |  
16.3.2023, 22:13:53 - INFO - Hi | 90 | Bobo 
16.3.2023, 22:13:53 - INFO - Req was made 
16.3.2023, 22:13:53 - DEBUG - sortBy | all 
16.3.2023, 22:13:53 - DEBUG - sort |  
16.3.2023, 22:13:53 - DEBUG - sortCriteria | {"_id":1} 
16.3.2023, 22:13:53 - ERROR - cannot find toys | MongoInvalidArgumentError: Invalid sort direction: {"_id":1} 
16.3.2023, 22:13:53 - ERROR - Failed to get toys | MongoInvalidArgumentError: Invalid sort direction: {"_id":1} 
16.3.2023, 22:14:17 - INFO - Hi | 90 | Bobo 
16.3.2023, 22:14:18 - INFO - Req was made 
16.3.2023, 22:14:18 - DEBUG - sortBy | all 
16.3.2023, 22:14:18 - DEBUG - sort |  
16.3.2023, 22:14:18 - DEBUG - sortCriteria | {"_id":1} 
16.3.2023, 22:14:18 - ERROR - cannot find toys | MongoInvalidArgumentError: Invalid sort direction: {"_id":1} 
16.3.2023, 22:14:18 - ERROR - Failed to get toys | MongoInvalidArgumentError: Invalid sort direction: {"_id":1} 
16.3.2023, 22:14:58 - INFO - Hi | 90 | Bobo 
16.3.2023, 22:14:59 - DEBUG - sort |  
16.3.2023, 22:14:59 - INFO - Req was made 
16.3.2023, 22:14:59 - ERROR - cannot find toys | ReferenceError: sortCriteria is not defined 
16.3.2023, 22:14:59 - ERROR - Failed to get toys | ReferenceError: sortCriteria is not defined 
16.3.2023, 22:15:03 - INFO - Hi | 90 | Bobo 
16.3.2023, 22:15:04 - DEBUG - sort |  
16.3.2023, 22:15:04 - INFO - Req was made 
16.3.2023, 22:15:49 - INFO - Hi | 90 | Bobo 
